Using pre-set license
Built from '2020.3/staging' branch; Version is '2020.3.22f1 (e1a7f79fd887) revision 14788599'; Using compiler version '192528614'; Build Type 'Release'
OS: 'Windows 10 Home; OS build 19044.1706; Version 2009; 64bit' Language: 'en' Physical Memory: 16262 MB
BatchMode: 1, IsHumanControllingUs: 0, StartBugReporterOnCrash: 0, Is64bit: 1, IsPro: 0

COMMAND LINE ARGUMENTS:
D:\Program Files\Unity\2020.3.22f1\Editor\Unity.exe
-adb2
-batchMode
-noUpm
-name
AssetImportWorker2
-projectPath
D:/joser-work03/TrashPoints
-logFile
Logs/AssetImportWorker2.log
-srvPort
56879
Successfully changed project path to: D:/joser-work03/TrashPoints
D:/joser-work03/TrashPoints
Using Asset Import Pipeline V2.
Refreshing native plugins compatible for Editor in 122.53 ms, found 3 plugins.
Preloading 0 native plugins for Editor in 0.00 ms.
Initialize engine version: 2020.3.22f1 (e1a7f79fd887)
[Subsystems] Discovering subsystems at path D:/Program Files/Unity/2020.3.22f1/Editor/Data/Resources/UnitySubsystems
[Subsystems] Discovering subsystems at path D:/joser-work03/TrashPoints/Assets
GfxDevice: creating device client; threaded=0
Direct3D:
    Version:  Direct3D 11.0 [level 11.1]
    Renderer: NVIDIA GeForce GTX 1050 (ID=0x1c8d)
    Vendor:   
    VRAM:     4019 MB
    Driver:   30.0.14.9709
Initialize mono
Mono path[0] = 'D:/Program Files/Unity/2020.3.22f1/Editor/Data/Managed'
Mono path[1] = 'D:/Program Files/Unity/2020.3.22f1/Editor/Data/MonoBleedingEdge/lib/mono/unityjit'
Mono config path = 'D:/Program Files/Unity/2020.3.22f1/Editor/Data/MonoBleedingEdge/etc'
Using monoOptions --debugger-agent=transport=dt_socket,embedding=1,server=y,suspend=n,address=127.0.0.1:56452
Begin MonoManager ReloadAssembly
Registering precompiled unity dll's ...
Register platform support module: D:/Program Files/Unity/2020.3.22f1/Editor/Data/PlaybackEngines/WindowsStandaloneSupport/UnityEditor.WindowsStandalone.Extensions.dll
Register platform support module: D:/Program Files/Unity/2020.3.22f1/Editor/Data/PlaybackEngines/LuminSupport/UnityEditor.Lumin.Extensions.dll
Registered in 0.003459 seconds.
Native extension for Lumin target not found
Native extension for WindowsStandalone target not found
Refreshing native plugins compatible for Editor in 118.60 ms, found 3 plugins.
Preloading 0 native plugins for Editor in 0.00 ms.
Mono: successfully reloaded assembly
- Completed reload, in  4.113 seconds
Domain Reload Profiling:
	ReloadAssembly (4113ms)
		BeginReloadAssembly (109ms)
			ExecutionOrderSort (0ms)
			DisableScriptedObjects (0ms)
			BackupInstance (0ms)
			ReleaseScriptingObjects (0ms)
			CreateAndSetChildDomain (1ms)
		EndReloadAssembly (1180ms)
			LoadAssemblies (110ms)
			RebuildTransferFunctionScriptingTraits (0ms)
			SetupTypeCache (462ms)
			ReleaseScriptCaches (0ms)
			RebuildScriptCaches (60ms)
			SetupLoadedEditorAssemblies (454ms)
				LogAssemblyErrors (0ms)
				InitializePlatformSupportModulesInManaged (11ms)
				SetLoadedEditorAssemblies (1ms)
				RefreshPlugins (119ms)
				BeforeProcessingInitializeOnLoad (37ms)
				ProcessInitializeOnLoadAttributes (213ms)
				ProcessInitializeOnLoadMethodAttributes (73ms)
				AfterProcessingInitializeOnLoad (0ms)
				EditorAssembliesLoaded (0ms)
			ExecutionOrderSort2 (0ms)
			AwakeInstancesAfterBackupRestoration (0ms)
Platform modules already initialized, skipping
Registering precompiled user dll's ...
Registered in 0.007564 seconds.
Begin MonoManager ReloadAssembly
Native extension for Lumin target not found
Native extension for WindowsStandalone target not found
Refreshing native plugins compatible for Editor in 114.08 ms, found 3 plugins.
Preloading 0 native plugins for Editor in 0.00 ms.
Mono: successfully reloaded assembly
- Completed reload, in  5.005 seconds
Domain Reload Profiling:
	ReloadAssembly (5015ms)
		BeginReloadAssembly (319ms)
			ExecutionOrderSort (0ms)
			DisableScriptedObjects (12ms)
			BackupInstance (0ms)
			ReleaseScriptingObjects (0ms)
			CreateAndSetChildDomain (43ms)
		EndReloadAssembly (4542ms)
			LoadAssemblies (229ms)
			RebuildTransferFunctionScriptingTraits (0ms)
			SetupTypeCache (1008ms)
			ReleaseScriptCaches (1ms)
			RebuildScriptCaches (140ms)
			SetupLoadedEditorAssemblies (2790ms)
				LogAssemblyErrors (0ms)
				InitializePlatformSupportModulesInManaged (10ms)
				SetLoadedEditorAssemblies (0ms)
				RefreshPlugins (114ms)
				BeforeProcessingInitializeOnLoad (192ms)
				ProcessInitializeOnLoadAttributes (633ms)
				ProcessInitializeOnLoadMethodAttributes (1834ms)
				AfterProcessingInitializeOnLoad (6ms)
				EditorAssembliesLoaded (0ms)
			ExecutionOrderSort2 (0ms)
			AwakeInstancesAfterBackupRestoration (18ms)
Platform modules already initialized, skipping
========================================================================
Worker process is ready to serve import requests
Launched and connected shader compiler UnityShaderCompiler.exe after 0.23 seconds
Refreshing native plugins compatible for Editor in 0.92 ms, found 3 plugins.
Preloading 0 native plugins for Editor in 0.00 ms.
Unloading 2196 Unused Serialized files (Serialized files now loaded: 0)
System memory in use before: 95.9 MB.
System memory in use after: 96.0 MB.

Unloading 28 unused Assets to reduce memory usage. Loaded Objects now: 2631.
Total: 7.262300 ms (FindLiveObjects: 0.356000 ms CreateObjectMapping: 0.185400 ms MarkObjects: 6.566200 ms  DeleteObjects: 0.152500 ms)

AssetImportParameters requested are different than current active one (requested -> active):
  custom:framework-win-MediaFoundation: 216162199b28c13a410421893ffa2e32 -> 
  custom:video-decoder-ogg-theora: a1e56fd34408186e4bbccfd4996cb3dc -> 
  custom:container-muxer-webm: aa71ff27fc2769a1b78a27578f13a17b -> 
  custom:container-demuxer-webm: 4f35f7cbe854078d1ac9338744f61a02 -> 
  custom:container-demuxer-ogg: 62fdf1f143b41e24485cea50d1cbac27 -> 
  custom:video-encoder-webm-vp8: eb34c28f22e8b96e1ab97ce403110664 -> 
  custom:video-codec-MediaFoundation-h265: 746d11721c4dcdbdad8f713fa42b33f4 -> 
  custom:video-decoder-webm-vp8: 9c59270c3fd7afecdb556c50c9e8de78 -> 
  custom:audio-decoder-ogg-vorbis: bf7c407c2cedff20999df2af8eb42d56 -> 
  custom:audio-encoder-webm-vorbis: bf7c407c2cedff20999df2af8eb42d56 -> 
========================================================================
Received Import Request.
  path: Assets/Scenes/Level04.unity
  artifactKey: Guid(7ec7ca65c9a7cae4090eb8f3457c29b8) Importer(815301076,1909f56bfc062723c751e8b465ee728b)
Start importing Assets/Scenes/Level04.unity using Guid(7ec7ca65c9a7cae4090eb8f3457c29b8) Importer(815301076,1909f56bfc062723c751e8b465ee728b)  -> (artifact id: '5c9e8bc693c7a56fe49676239cdbce31') in 0.040480 seconds 
  Import took 0.047929 seconds .

========================================================================
Received Import Request.
  Time since last request: 277.601847 seconds.
  path: Assets/Sprites/Backgrounds/pixabay-01/01_wateringCan.png
  artifactKey: Guid(98bf5f62c00c06345a31837672e95431) Importer(815301076,1909f56bfc062723c751e8b465ee728b)
Start importing Assets/Sprites/Backgrounds/pixabay-01/01_wateringCan.png using Guid(98bf5f62c00c06345a31837672e95431) Importer(815301076,1909f56bfc062723c751e8b465ee728b)  -> (artifact id: '001e64823ff951b3253abe564a9fcdbd') in 0.330177 seconds 
  Import took 0.342814 seconds .

========================================================================
Received Import Request.
  Time since last request: 0.000644 seconds.
  path: Assets/Sprites/Backgrounds/pixabay-01/10_bucketUpsideDown.png
  artifactKey: Guid(72dc445fa127aae4382b21573732a94d) Importer(815301076,1909f56bfc062723c751e8b465ee728b)
Start importing Assets/Sprites/Backgrounds/pixabay-01/10_bucketUpsideDown.png using Guid(72dc445fa127aae4382b21573732a94d) Importer(815301076,1909f56bfc062723c751e8b465ee728b)  -> (artifact id: 'de2543bd8e560d33babab1165be97f06') in 0.039511 seconds 
  Import took 0.051343 seconds .

========================================================================
Received Import Request.
  Time since last request: 0.000591 seconds.
  path: Assets/Sprites/Backgrounds/pixabay-01/20_backBushes.png
  artifactKey: Guid(c08756f9048c0544198c5e7d7f452608) Importer(815301076,1909f56bfc062723c751e8b465ee728b)
Start importing Assets/Sprites/Backgrounds/pixabay-01/20_backBushes.png using Guid(c08756f9048c0544198c5e7d7f452608) Importer(815301076,1909f56bfc062723c751e8b465ee728b)  -> (artifact id: 'f0dba25882195bc5bf19f263d9461dda') in 0.053731 seconds 
  Import took 0.068423 seconds .

========================================================================
Received Import Request.
  Time since last request: 0.000448 seconds.
  path: Assets/Sprites/Backgrounds/pixabay-01/15_flowersAndVases.png
  artifactKey: Guid(3196b99c051f10947bccdbafd95b6cba) Importer(815301076,1909f56bfc062723c751e8b465ee728b)
Start importing Assets/Sprites/Backgrounds/pixabay-01/15_flowersAndVases.png using Guid(3196b99c051f10947bccdbafd95b6cba) Importer(815301076,1909f56bfc062723c751e8b465ee728b)  -> (artifact id: '641c6adb55a0e5e04da9a8c974fb5ee6') in 0.047475 seconds 
  Import took 0.060505 seconds .

========================================================================
Received Import Request.
  Time since last request: 0.000342 seconds.
  path: Assets/Sprites/Backgrounds/pixabay-01/16_fence.png
  artifactKey: Guid(4b7328b942b7df641a04594af5441d58) Importer(815301076,1909f56bfc062723c751e8b465ee728b)
Start importing Assets/Sprites/Backgrounds/pixabay-01/16_fence.png using Guid(4b7328b942b7df641a04594af5441d58) Importer(815301076,1909f56bfc062723c751e8b465ee728b)  -> (artifact id: '47a6c18e024e49fb7814361fc51e7c5c') in 0.031781 seconds 
  Import took 0.037961 seconds .

========================================================================
Received Import Request.
  Time since last request: 0.000340 seconds.
  path: Assets/Sprites/Backgrounds/pixabay-01/17_bushLeft.png
  artifactKey: Guid(cf82ce58e2b54b4458fcc800487ceca7) Importer(815301076,1909f56bfc062723c751e8b465ee728b)
Start importing Assets/Sprites/Backgrounds/pixabay-01/17_bushLeft.png using Guid(cf82ce58e2b54b4458fcc800487ceca7) Importer(815301076,1909f56bfc062723c751e8b465ee728b)  -> (artifact id: '79dce6167b423ea27c61d308938463f3') in 0.025866 seconds 
  Import took 0.032211 seconds .

========================================================================
Received Import Request.
  Time since last request: 0.000375 seconds.
  path: Assets/Sprites/Backgrounds/pixabay-01/08_sandPath.png
  artifactKey: Guid(6762cb186f60d78469a4e06655704a5c) Importer(815301076,1909f56bfc062723c751e8b465ee728b)
Start importing Assets/Sprites/Backgrounds/pixabay-01/08_sandPath.png using Guid(6762cb186f60d78469a4e06655704a5c) Importer(815301076,1909f56bfc062723c751e8b465ee728b)  -> (artifact id: '315b9f0232f5c99a0538660dabfb35b9') in 0.031684 seconds 
  Import took 0.037312 seconds .

========================================================================
Received Import Request.
  Time since last request: 0.000409 seconds.
  path: Assets/Sprites/Backgrounds/pixabay-01/05_sand.png
  artifactKey: Guid(89c4aa76319da4f47916ee854792e9e8) Importer(815301076,1909f56bfc062723c751e8b465ee728b)
Start importing Assets/Sprites/Backgrounds/pixabay-01/05_sand.png using Guid(89c4aa76319da4f47916ee854792e9e8) Importer(815301076,1909f56bfc062723c751e8b465ee728b)  -> (artifact id: '7940fb122891cfcb6be48efd6d4f8f1b') in 0.031941 seconds 
  Import took 0.037978 seconds .

========================================================================
Received Import Request.
  Time since last request: 0.000608 seconds.
  path: Assets/Sprites/Backgrounds/pixabay-01/09_bucket.png
  artifactKey: Guid(f904729033ca554428668c8d6697ded9) Importer(815301076,1909f56bfc062723c751e8b465ee728b)
Start importing Assets/Sprites/Backgrounds/pixabay-01/09_bucket.png using Guid(f904729033ca554428668c8d6697ded9) Importer(815301076,1909f56bfc062723c751e8b465ee728b)  -> (artifact id: 'be37f08590ed7b3fcfcea492d533e749') in 0.044646 seconds 
  Import took 0.052478 seconds .

========================================================================
Received Import Request.
  Time since last request: 0.000570 seconds.
  path: Assets/Sprites/Backgrounds/pixabay-01/12_hat.png
  artifactKey: Guid(154b240d9354a9f41b94f83190acd69f) Importer(815301076,1909f56bfc062723c751e8b465ee728b)
Start importing Assets/Sprites/Backgrounds/pixabay-01/12_hat.png using Guid(154b240d9354a9f41b94f83190acd69f) Importer(815301076,1909f56bfc062723c751e8b465ee728b)  -> (artifact id: 'c57a448001c98b4c596befb00b5d2bdc') in 0.027968 seconds 
  Import took 0.034068 seconds .

========================================================================
Received Import Request.
  Time since last request: 0.000386 seconds.
  path: Assets/Sprites/Backgrounds/pixabay-01/03_pottedPlants.png
  artifactKey: Guid(8fc95d51eec4b5a4c90beffadb7b5350) Importer(815301076,1909f56bfc062723c751e8b465ee728b)
Start importing Assets/Sprites/Backgrounds/pixabay-01/03_pottedPlants.png using Guid(8fc95d51eec4b5a4c90beffadb7b5350) Importer(815301076,1909f56bfc062723c751e8b465ee728b)  -> (artifact id: 'a54d780dd17c59dca2b32069ff075c42') in 0.031973 seconds 
  Import took 0.039717 seconds .

========================================================================
Received Import Request.
  Time since last request: 0.000609 seconds.
  path: Assets/Sprites/Backgrounds/pixabay-01/13_bushRight.png
  artifactKey: Guid(e2407a87306cade4e9ebda41d7152f24) Importer(815301076,1909f56bfc062723c751e8b465ee728b)
Start importing Assets/Sprites/Backgrounds/pixabay-01/13_bushRight.png using Guid(e2407a87306cade4e9ebda41d7152f24) Importer(815301076,1909f56bfc062723c751e8b465ee728b)  -> (artifact id: '2e4004cf239c0be3ab48b44b7b0a0395') in 0.042130 seconds 
  Import took 0.051170 seconds .

========================================================================
Received Import Request.
  Time since last request: 0.000564 seconds.
  path: Assets/Sprites/Backgrounds/pixabay-01/19_grass.png
  artifactKey: Guid(b53c1a09663736941a3f732e2e72e093) Importer(815301076,1909f56bfc062723c751e8b465ee728b)
Start importing Assets/Sprites/Backgrounds/pixabay-01/19_grass.png using Guid(b53c1a09663736941a3f732e2e72e093) Importer(815301076,1909f56bfc062723c751e8b465ee728b)  -> (artifact id: '4cc0c4a9d4c1e5543101dd8a11c853c5') in 0.045935 seconds 
  Import took 0.056834 seconds .

========================================================================
Received Import Request.
  Time since last request: 0.000729 seconds.
  path: Assets/Sprites/Backgrounds/pixabay-01/14_dirtTransporter.png
  artifactKey: Guid(7d8bc9d0b9fd8a3418fa15adbd71fb7f) Importer(815301076,1909f56bfc062723c751e8b465ee728b)
Start importing Assets/Sprites/Backgrounds/pixabay-01/14_dirtTransporter.png using Guid(7d8bc9d0b9fd8a3418fa15adbd71fb7f) Importer(815301076,1909f56bfc062723c751e8b465ee728b)  -> (artifact id: '70bb47f6125e99f92fde10e10dc44138') in 0.029563 seconds 
  Import took 0.037249 seconds .

========================================================================
Received Import Request.
  Time since last request: 0.000308 seconds.
  path: Assets/Sprites/Backgrounds/pixabay-01/06_rake.png
  artifactKey: Guid(f2ee20b49002a3146b84187c621a0de4) Importer(815301076,1909f56bfc062723c751e8b465ee728b)
Start importing Assets/Sprites/Backgrounds/pixabay-01/06_rake.png using Guid(f2ee20b49002a3146b84187c621a0de4) Importer(815301076,1909f56bfc062723c751e8b465ee728b)  -> (artifact id: '002b2093e53591944b0753f6b6fccbf5') in 0.029223 seconds 
  Import took 0.035441 seconds .

========================================================================
Received Import Request.
  Time since last request: 0.000341 seconds.
  path: Assets/Sprites/Backgrounds/pixabay-01/18_flowerTrees.png
  artifactKey: Guid(941bff39f822f08489de5d2c35c1712a) Importer(815301076,1909f56bfc062723c751e8b465ee728b)
Start importing Assets/Sprites/Backgrounds/pixabay-01/18_flowerTrees.png using Guid(941bff39f822f08489de5d2c35c1712a) Importer(815301076,1909f56bfc062723c751e8b465ee728b)  -> (artifact id: 'a71be230bcbf55eaef6723ad920f2e8d') in 0.031406 seconds 
  Import took 0.106093 seconds .

========================================================================
Received Import Request.
  Time since last request: 0.000545 seconds.
  path: Assets/Sprites/Backgrounds/pixabay-01/02_gloves.png
  artifactKey: Guid(0998a8912ac8a30489640974c1c02f9c) Importer(815301076,1909f56bfc062723c751e8b465ee728b)
Start importing Assets/Sprites/Backgrounds/pixabay-01/02_gloves.png using Guid(0998a8912ac8a30489640974c1c02f9c) Importer(815301076,1909f56bfc062723c751e8b465ee728b)  -> (artifact id: '504ed13922247ac4ff71ef1e0e5d64bf') in 0.049237 seconds 
  Import took 0.059403 seconds .

========================================================================
Received Import Request.
  Time since last request: 0.000539 seconds.
  path: Assets/Sprites/Backgrounds/pixabay-01/11_shovel.png
  artifactKey: Guid(5368e14db2deb084b9617153a67433d3) Importer(815301076,1909f56bfc062723c751e8b465ee728b)
Start importing Assets/Sprites/Backgrounds/pixabay-01/11_shovel.png using Guid(5368e14db2deb084b9617153a67433d3) Importer(815301076,1909f56bfc062723c751e8b465ee728b)  -> (artifact id: 'b566dc7a45d5d08fbe370931f0265706') in 0.044604 seconds 
  Import took 0.054941 seconds .

========================================================================
Received Import Request.
  Time since last request: 0.000542 seconds.
  path: Assets/Sprites/Backgrounds/pixabay-01/bgImage.png
  artifactKey: Guid(ab35abb2bc236184e94e4a97c1c335d4) Importer(815301076,1909f56bfc062723c751e8b465ee728b)
Start importing Assets/Sprites/Backgrounds/pixabay-01/bgImage.png using Guid(ab35abb2bc236184e94e4a97c1c335d4) Importer(815301076,1909f56bfc062723c751e8b465ee728b)  -> (artifact id: 'd6c544a867948550266d4b7159b97e05') in 0.049548 seconds 
  Import took 0.057233 seconds .

========================================================================
Received Import Request.
  Time since last request: 0.000496 seconds.
  path: Assets/Sprites/Backgrounds/pixabay-01/04_smallGrass.png
  artifactKey: Guid(0603fce0ee408304c914715f55966375) Importer(815301076,1909f56bfc062723c751e8b465ee728b)
Start importing Assets/Sprites/Backgrounds/pixabay-01/04_smallGrass.png using Guid(0603fce0ee408304c914715f55966375) Importer(815301076,1909f56bfc062723c751e8b465ee728b)  -> (artifact id: '91fb5da096b8ad787311835443c0c3e4') in 0.045154 seconds 
  Import took 0.056316 seconds .

========================================================================
Received Import Request.
  Time since last request: 0.000572 seconds.
  path: Assets/Sprites/Backgrounds/pixabay-01/07_whiteRocks.png
  artifactKey: Guid(e170e4f11d6d99c4bb4eff6afbd4da03) Importer(815301076,1909f56bfc062723c751e8b465ee728b)
Start importing Assets/Sprites/Backgrounds/pixabay-01/07_whiteRocks.png using Guid(e170e4f11d6d99c4bb4eff6afbd4da03) Importer(815301076,1909f56bfc062723c751e8b465ee728b)  -> (artifact id: '228973393dd075508faa31e729db674f') in 0.043614 seconds 
  Import took 0.051863 seconds .

========================================================================
Received Import Request.
  Time since last request: 45.493783 seconds.
  path: Assets/Sprites/Backgrounds/pixabay-01/11_shovel.png
  artifactKey: Guid(5368e14db2deb084b9617153a67433d3) Importer(815301076,1909f56bfc062723c751e8b465ee728b)
Start importing Assets/Sprites/Backgrounds/pixabay-01/11_shovel.png using Guid(5368e14db2deb084b9617153a67433d3) Importer(815301076,1909f56bfc062723c751e8b465ee728b)  -> (artifact id: '92cf77fc2211016499f78febea3fa075') in 0.100798 seconds 
  Import took 0.197015 seconds .

========================================================================
Received Import Request.
  Time since last request: 0.000510 seconds.
  path: Assets/Sprites/Backgrounds/pixabay-01/20_backBushes.png
  artifactKey: Guid(c08756f9048c0544198c5e7d7f452608) Importer(815301076,1909f56bfc062723c751e8b465ee728b)
Start importing Assets/Sprites/Backgrounds/pixabay-01/20_backBushes.png using Guid(c08756f9048c0544198c5e7d7f452608) Importer(815301076,1909f56bfc062723c751e8b465ee728b)  -> (artifact id: 'ce3e363c446f41bc50d84206e5b9c565') in 0.046324 seconds 
  Import took 0.060394 seconds .

========================================================================
Received Import Request.
  Time since last request: 0.000555 seconds.
  path: Assets/Sprites/Backgrounds/pixabay-01/15_flowersAndVases.png
  artifactKey: Guid(3196b99c051f10947bccdbafd95b6cba) Importer(815301076,1909f56bfc062723c751e8b465ee728b)
Start importing Assets/Sprites/Backgrounds/pixabay-01/15_flowersAndVases.png using Guid(3196b99c051f10947bccdbafd95b6cba) Importer(815301076,1909f56bfc062723c751e8b465ee728b)  -> (artifact id: '2567fee71b2e30779a0522585aaa0977') in 0.058391 seconds 
  Import took 0.073650 seconds .

========================================================================
Received Import Request.
  Time since last request: 0.000554 seconds.
  path: Assets/Sprites/Backgrounds/pixabay-01/16_fence.png
  artifactKey: Guid(4b7328b942b7df641a04594af5441d58) Importer(815301076,1909f56bfc062723c751e8b465ee728b)
Start importing Assets/Sprites/Backgrounds/pixabay-01/16_fence.png using Guid(4b7328b942b7df641a04594af5441d58) Importer(815301076,1909f56bfc062723c751e8b465ee728b)  -> (artifact id: 'f050d9842a2e34608d036a9f8d44bfb2') in 0.056849 seconds 
  Import took 0.072255 seconds .

========================================================================
Received Import Request.
  Time since last request: 0.000491 seconds.
  path: Assets/Sprites/Backgrounds/pixabay-01/17_bushLeft.png
  artifactKey: Guid(cf82ce58e2b54b4458fcc800487ceca7) Importer(815301076,1909f56bfc062723c751e8b465ee728b)
Start importing Assets/Sprites/Backgrounds/pixabay-01/17_bushLeft.png using Guid(cf82ce58e2b54b4458fcc800487ceca7) Importer(815301076,1909f56bfc062723c751e8b465ee728b)  -> (artifact id: '16ebe63dd35e6015a33fd689d4024546') in 0.044162 seconds 
  Import took 0.055833 seconds .

========================================================================
Received Import Request.
  Time since last request: 0.000514 seconds.
  path: Assets/Sprites/Backgrounds/pixabay-01/12_hat.png
  artifactKey: Guid(154b240d9354a9f41b94f83190acd69f) Importer(815301076,1909f56bfc062723c751e8b465ee728b)
Start importing Assets/Sprites/Backgrounds/pixabay-01/12_hat.png using Guid(154b240d9354a9f41b94f83190acd69f) Importer(815301076,1909f56bfc062723c751e8b465ee728b)  -> (artifact id: '264be639b788af48d15fc9d5bf4aecce') in 0.048880 seconds 
  Import took 0.061491 seconds .

========================================================================
Received Import Request.
  Time since last request: 0.000505 seconds.
  path: Assets/Sprites/Backgrounds/pixabay-01/13_bushRight.png
  artifactKey: Guid(e2407a87306cade4e9ebda41d7152f24) Importer(815301076,1909f56bfc062723c751e8b465ee728b)
Start importing Assets/Sprites/Backgrounds/pixabay-01/13_bushRight.png using Guid(e2407a87306cade4e9ebda41d7152f24) Importer(815301076,1909f56bfc062723c751e8b465ee728b)  -> (artifact id: 'ec445d2670df0c6eb220e350e52e38f5') in 0.050924 seconds 
  Import took 0.064322 seconds .

========================================================================
Received Import Request.
  Time since last request: 0.000493 seconds.
  path: Assets/Sprites/Backgrounds/pixabay-01/14_dirtTransporter.png
  artifactKey: Guid(7d8bc9d0b9fd8a3418fa15adbd71fb7f) Importer(815301076,1909f56bfc062723c751e8b465ee728b)
Start importing Assets/Sprites/Backgrounds/pixabay-01/14_dirtTransporter.png using Guid(7d8bc9d0b9fd8a3418fa15adbd71fb7f) Importer(815301076,1909f56bfc062723c751e8b465ee728b)  -> (artifact id: '3e5a5297ef97ad4711e12104e52913e9') in 0.042335 seconds 
  Import took 0.054488 seconds .

========================================================================
Received Import Request.
  Time since last request: 0.000544 seconds.
  path: Assets/Sprites/Backgrounds/pixabay-01/19_grass.png
  artifactKey: Guid(b53c1a09663736941a3f732e2e72e093) Importer(815301076,1909f56bfc062723c751e8b465ee728b)
Start importing Assets/Sprites/Backgrounds/pixabay-01/19_grass.png using Guid(b53c1a09663736941a3f732e2e72e093) Importer(815301076,1909f56bfc062723c751e8b465ee728b)  -> (artifact id: '6e3eae0d925caf01c852a0bf640aa070') in 0.063903 seconds 
  Import took 0.080442 seconds .

========================================================================
Received Import Request.
  Time since last request: 0.000500 seconds.
  path: Assets/Sprites/Backgrounds/pixabay-01/18_flowerTrees.png
  artifactKey: Guid(941bff39f822f08489de5d2c35c1712a) Importer(815301076,1909f56bfc062723c751e8b465ee728b)
Start importing Assets/Sprites/Backgrounds/pixabay-01/18_flowerTrees.png using Guid(941bff39f822f08489de5d2c35c1712a) Importer(815301076,1909f56bfc062723c751e8b465ee728b)  -> (artifact id: 'abbbe01673bcec595d0776d246c67b23') in 0.059874 seconds 
  Import took 0.073331 seconds .

========================================================================
Received Import Request.
  Time since last request: 0.000416 seconds.
  path: Assets/Sprites/Backgrounds/pixabay-01/bgImage.png
  artifactKey: Guid(ab35abb2bc236184e94e4a97c1c335d4) Importer(815301076,1909f56bfc062723c751e8b465ee728b)
Start importing Assets/Sprites/Backgrounds/pixabay-01/bgImage.png using Guid(ab35abb2bc236184e94e4a97c1c335d4) Importer(815301076,1909f56bfc062723c751e8b465ee728b)  -> (artifact id: '7b362a390ff3c2a594c68d700b435307') in 0.054482 seconds 
  Import took 0.069593 seconds .

========================================================================
Received Import Request.
  Time since last request: 106.538823 seconds.
  path: Assets/Sprites/Backgrounds/pixabay-01/01_wateringCan.png
  artifactKey: Guid(98bf5f62c00c06345a31837672e95431) Importer(815301076,1909f56bfc062723c751e8b465ee728b)
Start importing Assets/Sprites/Backgrounds/pixabay-01/01_wateringCan.png using Guid(98bf5f62c00c06345a31837672e95431) Importer(815301076,1909f56bfc062723c751e8b465ee728b)  -> (artifact id: 'b465718650869e338d98603c1b99330d') in 0.056866 seconds 
  Import took 0.268643 seconds .

========================================================================
Received Import Request.
  Time since last request: 0.000490 seconds.
  path: Assets/Sprites/Backgrounds/pixabay-01/10_bucketUpsideDown.png
  artifactKey: Guid(72dc445fa127aae4382b21573732a94d) Importer(815301076,1909f56bfc062723c751e8b465ee728b)
Start importing Assets/Sprites/Backgrounds/pixabay-01/10_bucketUpsideDown.png using Guid(72dc445fa127aae4382b21573732a94d) Importer(815301076,1909f56bfc062723c751e8b465ee728b)  -> (artifact id: 'f80166c7a0601225edf5bcc5d36f99d1') in 0.034644 seconds 
  Import took 0.044093 seconds .

========================================================================
Received Import Request.
  Time since last request: 0.000572 seconds.
  path: Assets/Sprites/Backgrounds/pixabay-01/08_sandPath.png
  artifactKey: Guid(6762cb186f60d78469a4e06655704a5c) Importer(815301076,1909f56bfc062723c751e8b465ee728b)
Start importing Assets/Sprites/Backgrounds/pixabay-01/08_sandPath.png using Guid(6762cb186f60d78469a4e06655704a5c) Importer(815301076,1909f56bfc062723c751e8b465ee728b)  -> (artifact id: 'b96efa02deca90b4cd277ca5a85aafac') in 0.035780 seconds 
  Import took 0.045184 seconds .

========================================================================
Received Import Request.
  Time since last request: 0.000548 seconds.
  path: Assets/Sprites/Backgrounds/pixabay-01/05_sand.png
  artifactKey: Guid(89c4aa76319da4f47916ee854792e9e8) Importer(815301076,1909f56bfc062723c751e8b465ee728b)
Start importing Assets/Sprites/Backgrounds/pixabay-01/05_sand.png using Guid(89c4aa76319da4f47916ee854792e9e8) Importer(815301076,1909f56bfc062723c751e8b465ee728b)  -> (artifact id: '82a0f87a037c2db62de47bfde2ed04e6') in 0.035397 seconds 
  Import took 0.045309 seconds .

========================================================================
Received Import Request.
  Time since last request: 0.000522 seconds.
  path: Assets/Sprites/Backgrounds/pixabay-01/09_bucket.png
  artifactKey: Guid(f904729033ca554428668c8d6697ded9) Importer(815301076,1909f56bfc062723c751e8b465ee728b)
Start importing Assets/Sprites/Backgrounds/pixabay-01/09_bucket.png using Guid(f904729033ca554428668c8d6697ded9) Importer(815301076,1909f56bfc062723c751e8b465ee728b)  -> (artifact id: '9ba7ffa242ac1f2fef05d2d0aae17ac1') in 0.035264 seconds 
  Import took 0.051435 seconds .

========================================================================
Received Import Request.
  Time since last request: 0.000556 seconds.
  path: Assets/Sprites/Backgrounds/pixabay-01/03_pottedPlants.png
  artifactKey: Guid(8fc95d51eec4b5a4c90beffadb7b5350) Importer(815301076,1909f56bfc062723c751e8b465ee728b)
Start importing Assets/Sprites/Backgrounds/pixabay-01/03_pottedPlants.png using Guid(8fc95d51eec4b5a4c90beffadb7b5350) Importer(815301076,1909f56bfc062723c751e8b465ee728b)  -> (artifact id: 'c3cf0cabf8a5818f2846671bcab0bec6') in 0.043746 seconds 
  Import took 0.052129 seconds .

========================================================================
Received Import Request.
  Time since last request: 0.000573 seconds.
  path: Assets/Sprites/Backgrounds/pixabay-01/06_rake.png
  artifactKey: Guid(f2ee20b49002a3146b84187c621a0de4) Importer(815301076,1909f56bfc062723c751e8b465ee728b)
Start importing Assets/Sprites/Backgrounds/pixabay-01/06_rake.png using Guid(f2ee20b49002a3146b84187c621a0de4) Importer(815301076,1909f56bfc062723c751e8b465ee728b)  -> (artifact id: '319a09dcd619249ef5e8d596a4021f14') in 0.039733 seconds 
  Import took 0.051769 seconds .

========================================================================
Received Import Request.
  Time since last request: 0.000565 seconds.
  path: Assets/Sprites/Backgrounds/pixabay-01/02_gloves.png
  artifactKey: Guid(0998a8912ac8a30489640974c1c02f9c) Importer(815301076,1909f56bfc062723c751e8b465ee728b)
Start importing Assets/Sprites/Backgrounds/pixabay-01/02_gloves.png using Guid(0998a8912ac8a30489640974c1c02f9c) Importer(815301076,1909f56bfc062723c751e8b465ee728b)  -> (artifact id: 'db56d6f9c7b56f368971e7cbb4d71807') in 0.040188 seconds 
  Import took 0.052782 seconds .

========================================================================
Received Import Request.
  Time since last request: 0.000547 seconds.
  path: Assets/Sprites/Backgrounds/pixabay-01/04_smallGrass.png
  artifactKey: Guid(0603fce0ee408304c914715f55966375) Importer(815301076,1909f56bfc062723c751e8b465ee728b)
Start importing Assets/Sprites/Backgrounds/pixabay-01/04_smallGrass.png using Guid(0603fce0ee408304c914715f55966375) Importer(815301076,1909f56bfc062723c751e8b465ee728b)  -> (artifact id: '9da2bd6f2f09dd75718971d362afab89') in 0.043270 seconds 
  Import took 0.052937 seconds .

========================================================================
Received Import Request.
  Time since last request: 0.000822 seconds.
  path: Assets/Sprites/Backgrounds/pixabay-01/07_whiteRocks.png
  artifactKey: Guid(e170e4f11d6d99c4bb4eff6afbd4da03) Importer(815301076,1909f56bfc062723c751e8b465ee728b)
Start importing Assets/Sprites/Backgrounds/pixabay-01/07_whiteRocks.png using Guid(e170e4f11d6d99c4bb4eff6afbd4da03) Importer(815301076,1909f56bfc062723c751e8b465ee728b)  -> (artifact id: '451a0f6f26de207275357a9df7b1bcb0') in 0.044275 seconds 
  Import took 0.053772 seconds .

========================================================================
Received Import Request.
  Time since last request: 633.964848 seconds.
  path: Assets/NewTrashSpawn.asset
  artifactKey: Guid(b2847c4572e0bb944b56ee389579f87e) Importer(815301076,1909f56bfc062723c751e8b465ee728b)
Start importing Assets/NewTrashSpawn.asset using Guid(b2847c4572e0bb944b56ee389579f87e) Importer(815301076,1909f56bfc062723c751e8b465ee728b)  -> (artifact id: 'bb82e0e2b8995236cdfd537cf103ed15') in 0.014478 seconds 
  Import took 0.020753 seconds .

========================================================================
Received Import Request.
  Time since last request: 45.135912 seconds.
  path: Assets/Box04.asset
  artifactKey: Guid(b2847c4572e0bb944b56ee389579f87e) Importer(815301076,1909f56bfc062723c751e8b465ee728b)
Start importing Assets/Box04.asset using Guid(b2847c4572e0bb944b56ee389579f87e) Importer(815301076,1909f56bfc062723c751e8b465ee728b)  -> (artifact id: '67e4adc8d443b7a738a69e0a7c9b57d3') in 0.015115 seconds 
  Import took 0.023476 seconds .

========================================================================
Received Import Request.
  Time since last request: 125.390221 seconds.
  path: Assets/Mushroom04.asset
  artifactKey: Guid(fcbce8c391577c24780dd4e26e74d7a5) Importer(815301076,1909f56bfc062723c751e8b465ee728b)
Start importing Assets/Mushroom04.asset using Guid(fcbce8c391577c24780dd4e26e74d7a5) Importer(815301076,1909f56bfc062723c751e8b465ee728b)  -> (artifact id: '0673d0fc36746faff03024ec47f758d1') in 0.009239 seconds 
  Import took 0.014544 seconds .

========================================================================
Received Import Request.
  Time since last request: 135.248107 seconds.
  path: Assets/MetalSpanner.asset
  artifactKey: Guid(929929e37ba51d149bbd57bb85b8dd4c) Importer(815301076,1909f56bfc062723c751e8b465ee728b)
Start importing Assets/MetalSpanner.asset using Guid(929929e37ba51d149bbd57bb85b8dd4c) Importer(815301076,1909f56bfc062723c751e8b465ee728b)  -> (artifact id: '8d47c7fad20105061302feae5e2c3c01') in 0.011072 seconds 
  Import took 0.018316 seconds .

========================================================================
Received Import Request.
  Time since last request: 36.433914 seconds.
  path: Assets/Spanner04.asset
  artifactKey: Guid(f108a297e5859e84ca8f3387e49d93b8) Importer(815301076,1909f56bfc062723c751e8b465ee728b)
Start importing Assets/Spanner04.asset using Guid(f108a297e5859e84ca8f3387e49d93b8) Importer(815301076,1909f56bfc062723c751e8b465ee728b)  -> (artifact id: '6b38363954cdcd32de3b26769b33045b') in 0.012190 seconds 
  Import took 0.017400 seconds .

========================================================================
Received Import Request.
  Time since last request: 146.729529 seconds.
  path: Assets/Spanner.asset
  artifactKey: Guid(6d6590d34e6ecc34b9f250a06f9db051) Importer(815301076,1909f56bfc062723c751e8b465ee728b)
Start importing Assets/Spanner.asset using Guid(6d6590d34e6ecc34b9f250a06f9db051) Importer(815301076,1909f56bfc062723c751e8b465ee728b)  -> (artifact id: '6f9e286fe895a322975a5c7df630bf2f') in 0.007917 seconds 
  Import took 0.013111 seconds .

========================================================================
Received Import Request.
  Time since last request: 219.797751 seconds.
  path: Assets/Chain04.asset
  artifactKey: Guid(15dc5e3c0372fcb43bebfc2c83f92e73) Importer(815301076,1909f56bfc062723c751e8b465ee728b)
Start importing Assets/Chain04.asset using Guid(15dc5e3c0372fcb43bebfc2c83f92e73) Importer(815301076,1909f56bfc062723c751e8b465ee728b)  -> (artifact id: '3fbf68914b795ff9543b9ef79fa9d66c') in 0.010663 seconds 
  Import took 0.018007 seconds .

========================================================================
Received Import Request.
  Time since last request: 54.262651 seconds.
  path: Assets/NewTrashSpawn.asset
  artifactKey: Guid(358b5cf4623a58f44bcfd1d19737933a) Importer(815301076,1909f56bfc062723c751e8b465ee728b)
Start importing Assets/NewTrashSpawn.asset using Guid(358b5cf4623a58f44bcfd1d19737933a) Importer(815301076,1909f56bfc062723c751e8b465ee728b)  -> (artifact id: '47d11fbed80f514c8c5696c38bef1e97') in 0.003015 seconds 
  Import took 0.008953 seconds .

========================================================================
Received Import Request.
  Time since last request: 28.562249 seconds.
  path: Assets/RottenApple04.asset
  artifactKey: Guid(358b5cf4623a58f44bcfd1d19737933a) Importer(815301076,1909f56bfc062723c751e8b465ee728b)
Start importing Assets/RottenApple04.asset using Guid(358b5cf4623a58f44bcfd1d19737933a) Importer(815301076,1909f56bfc062723c751e8b465ee728b)  -> (artifact id: '24b7eb9e46b696a59ae8b80635855241') in 0.009555 seconds 
  Import took 0.016017 seconds .

========================================================================
Received Import Request.
  Time since last request: 375.440139 seconds.
  path: Assets/Yogurt04.asset
  artifactKey: Guid(f4118469238fb2241b3ef7f0bc09d0b8) Importer(815301076,1909f56bfc062723c751e8b465ee728b)
Start importing Assets/Yogurt04.asset using Guid(f4118469238fb2241b3ef7f0bc09d0b8) Importer(815301076,1909f56bfc062723c751e8b465ee728b)  -> (artifact id: '22629c56f91ee599584802eb991836dd') in 0.012609 seconds 
  Import took 0.021222 seconds .

========================================================================
Received Prepare
Registering precompiled user dll's ...
Registered in 0.006180 seconds.
Begin MonoManager ReloadAssembly
Native extension for Lumin target not found
Native extension for WindowsStandalone target not found
Refreshing native plugins compatible for Editor in 0.87 ms, found 3 plugins.
Preloading 0 native plugins for Editor in 0.00 ms.
Mono: successfully reloaded assembly
- Completed reload, in  2.809 seconds
Domain Reload Profiling:
	ReloadAssembly (2811ms)
		BeginReloadAssembly (274ms)
			ExecutionOrderSort (0ms)
			DisableScriptedObjects (27ms)
			BackupInstance (0ms)
			ReleaseScriptingObjects (0ms)
			CreateAndSetChildDomain (114ms)
		EndReloadAssembly (2389ms)
			LoadAssemblies (198ms)
			RebuildTransferFunctionScriptingTraits (0ms)
			SetupTypeCache (733ms)
			ReleaseScriptCaches (2ms)
			RebuildScriptCaches (151ms)
			SetupLoadedEditorAssemblies (919ms)
				LogAssemblyErrors (0ms)
				InitializePlatformSupportModulesInManaged (14ms)
				SetLoadedEditorAssemblies (1ms)
				RefreshPlugins (1ms)
				BeforeProcessingInitializeOnLoad (207ms)
				ProcessInitializeOnLoadAttributes (651ms)
				ProcessInitializeOnLoadMethodAttributes (34ms)
				AfterProcessingInitializeOnLoad (10ms)
				EditorAssembliesLoaded (1ms)
			ExecutionOrderSort2 (0ms)
			AwakeInstancesAfterBackupRestoration (27ms)
Platform modules already initialized, skipping
Refreshing native plugins compatible for Editor in 0.79 ms, found 3 plugins.
Preloading 0 native plugins for Editor in 0.00 ms.
Unloading 2185 Unused Serialized files (Serialized files now loaded: 0)
System memory in use before: 98.3 MB.
System memory in use after: 98.4 MB.

Unloading 17 unused Assets to reduce memory usage. Loaded Objects now: 2639.
Total: 5.382900 ms (FindLiveObjects: 0.277900 ms CreateObjectMapping: 0.136400 ms MarkObjects: 4.923900 ms  DeleteObjects: 0.042900 ms)

AssetImportParameters requested are different than current active one (requested -> active):
  custom:framework-win-MediaFoundation: 216162199b28c13a410421893ffa2e32 -> 
  custom:video-decoder-ogg-theora: a1e56fd34408186e4bbccfd4996cb3dc -> 
  custom:container-muxer-webm: aa71ff27fc2769a1b78a27578f13a17b -> 
  custom:container-demuxer-webm: 4f35f7cbe854078d1ac9338744f61a02 -> 
  custom:container-demuxer-ogg: 62fdf1f143b41e24485cea50d1cbac27 -> 
  custom:video-encoder-webm-vp8: eb34c28f22e8b96e1ab97ce403110664 -> 
  custom:video-codec-MediaFoundation-h265: 746d11721c4dcdbdad8f713fa42b33f4 -> 
  custom:video-decoder-webm-vp8: 9c59270c3fd7afecdb556c50c9e8de78 -> 
  custom:audio-decoder-ogg-vorbis: bf7c407c2cedff20999df2af8eb42d56 -> 
  custom:audio-encoder-webm-vorbis: bf7c407c2cedff20999df2af8eb42d56 -> 
========================================================================
Received Import Request.
  Time since last request: 842.303377 seconds.
  path: Assets/Phone.asset
  artifactKey: Guid(dae6fec1d236e634caf363b69e7d40da) Importer(815301076,1909f56bfc062723c751e8b465ee728b)
Start importing Assets/Phone.asset using Guid(dae6fec1d236e634caf363b69e7d40da) Importer(815301076,1909f56bfc062723c751e8b465ee728b)  -> (artifact id: '3be3ab64ac3e014732f3165c337fcdd4') in 0.031507 seconds 
  Import took 0.037698 seconds .

========================================================================
Received Import Request.
  Time since last request: 58.628098 seconds.
  path: Assets/Phone.asset
  artifactKey: Guid(735a48d0134334d448a0d7b59431c41b) Importer(815301076,1909f56bfc062723c751e8b465ee728b)
Start importing Assets/Phone.asset using Guid(735a48d0134334d448a0d7b59431c41b) Importer(815301076,1909f56bfc062723c751e8b465ee728b)  -> (artifact id: 'c6b68a145a2067ae99288cf0c1479f09') in 0.003851 seconds 
  Import took 0.010523 seconds .

========================================================================
Received Import Request.
  Time since last request: 54.404220 seconds.
  path: Assets/Phone04.asset
  artifactKey: Guid(735a48d0134334d448a0d7b59431c41b) Importer(815301076,1909f56bfc062723c751e8b465ee728b)
Start importing Assets/Phone04.asset using Guid(735a48d0134334d448a0d7b59431c41b) Importer(815301076,1909f56bfc062723c751e8b465ee728b)  -> (artifact id: 'f70aa262a96bb8e06de53587aad300f4') in 0.010974 seconds 
  Import took 0.019100 seconds .

========================================================================
Received Import Request.
  Time since last request: 104.458674 seconds.
  path: Assets/Newspaper04.asset
  artifactKey: Guid(ca9abf17ef023804da23cdb1c9fb7189) Importer(815301076,1909f56bfc062723c751e8b465ee728b)
Start importing Assets/Newspaper04.asset using Guid(ca9abf17ef023804da23cdb1c9fb7189) Importer(815301076,1909f56bfc062723c751e8b465ee728b)  -> (artifact id: 'e3879a4f7fda8840baea36e96689c00a') in 0.008770 seconds 
  Import took 0.014206 seconds .

========================================================================
Received Import Request.
  Time since last request: 261.914839 seconds.
  path: Assets/Paper04.asset
  artifactKey: Guid(ae0604b2db04d2b41bd16c76a1a3e514) Importer(815301076,1909f56bfc062723c751e8b465ee728b)
Start importing Assets/Paper04.asset using Guid(ae0604b2db04d2b41bd16c76a1a3e514) Importer(815301076,1909f56bfc062723c751e8b465ee728b)  -> (artifact id: '630bb4ad06732ebe2d32788f7c957b39') in 0.010267 seconds 
  Import took 0.017607 seconds .

========================================================================
Received Import Request.
  Time since last request: 1074.801608 seconds.
  path: Assets/GlassBottle04.asset
  artifactKey: Guid(31f40f6bebdfa204a91b52dfe1231cbd) Importer(815301076,1909f56bfc062723c751e8b465ee728b)
Start importing Assets/GlassBottle04.asset using Guid(31f40f6bebdfa204a91b52dfe1231cbd) Importer(815301076,1909f56bfc062723c751e8b465ee728b)  -> (artifact id: '31feb09b45dcb208387f13db2ae1d406') in 0.012246 seconds 
  Import took 0.021203 seconds .

========================================================================
Received Import Request.
  Time since last request: 70.986817 seconds.
  path: Assets/NewTrashSpawn.asset
  artifactKey: Guid(4563510a1f59f0747ab6a93e51bae3d5) Importer(815301076,1909f56bfc062723c751e8b465ee728b)
Start importing Assets/NewTrashSpawn.asset using Guid(4563510a1f59f0747ab6a93e51bae3d5) Importer(815301076,1909f56bfc062723c751e8b465ee728b)  -> (artifact id: '43a056a26ba717b4cd5ecc21f1cc12ec') in 0.002894 seconds 
  Import took 0.008327 seconds .

========================================================================
Received Import Request.
  Time since last request: 113.519859 seconds.
  path: Assets/Mirror.asset
  artifactKey: Guid(4563510a1f59f0747ab6a93e51bae3d5) Importer(815301076,1909f56bfc062723c751e8b465ee728b)
Start importing Assets/Mirror.asset using Guid(4563510a1f59f0747ab6a93e51bae3d5) Importer(815301076,1909f56bfc062723c751e8b465ee728b)  -> (artifact id: '2e9993cf7c3d9ff5b6a679d15b325ae6') in 0.011028 seconds 
  Import took 0.018840 seconds .

========================================================================
Received Import Request.
  Time since last request: 6.601220 seconds.
  path: Assets/Mirror04.asset
  artifactKey: Guid(4563510a1f59f0747ab6a93e51bae3d5) Importer(815301076,1909f56bfc062723c751e8b465ee728b)
Start importing Assets/Mirror04.asset using Guid(4563510a1f59f0747ab6a93e51bae3d5) Importer(815301076,1909f56bfc062723c751e8b465ee728b)  -> (artifact id: '0c46f24cd0607e11da1505dc31b07684') in 0.007325 seconds 
  Import took 0.012788 seconds .

========================================================================
Received Import Request.
  Time since last request: 37.431699 seconds.
  path: Assets/NewTrashSpawn.asset
  artifactKey: Guid(0a88a513ddee90342b459e238a791fbc) Importer(815301076,1909f56bfc062723c751e8b465ee728b)
Start importing Assets/NewTrashSpawn.asset using Guid(0a88a513ddee90342b459e238a791fbc) Importer(815301076,1909f56bfc062723c751e8b465ee728b)  -> (artifact id: '6f7476de4d13a7010ece9eb7d029ee89') in 0.003168 seconds 
  Import took 0.008602 seconds .

========================================================================
Received Import Request.
  Time since last request: 6.739737 seconds.
  path: Assets/Mirror.asset
  artifactKey: Guid(35c4cc64feb6be947b481ddf757845a8) Importer(815301076,1909f56bfc062723c751e8b465ee728b)
Start importing Assets/Mirror.asset using Guid(35c4cc64feb6be947b481ddf757845a8) Importer(815301076,1909f56bfc062723c751e8b465ee728b)  -> (artifact id: '3b92e547c87e242d869da8e2ca1e95b2') in 0.043908 seconds 
  Import took 0.068661 seconds .

========================================================================
Received Import Request.
  Time since last request: 286.262654 seconds.
  path: Assets/Batteries.asset
  artifactKey: Guid(0a88a513ddee90342b459e238a791fbc) Importer(815301076,1909f56bfc062723c751e8b465ee728b)
Start importing Assets/Batteries.asset using Guid(0a88a513ddee90342b459e238a791fbc) Importer(815301076,1909f56bfc062723c751e8b465ee728b)  -> (artifact id: '5e2226b571339171f655855cba587f43') in 0.014311 seconds 
  Import took 0.024734 seconds .

========================================================================
Received Import Request.
  Time since last request: 5.820372 seconds.
  path: Assets/Batteries04.asset
  artifactKey: Guid(0a88a513ddee90342b459e238a791fbc) Importer(815301076,1909f56bfc062723c751e8b465ee728b)
Start importing Assets/Batteries04.asset using Guid(0a88a513ddee90342b459e238a791fbc) Importer(815301076,1909f56bfc062723c751e8b465ee728b)  -> (artifact id: '5bbace46653136aeef981694332fae23') in 0.008197 seconds 
  Import took 0.013400 seconds .

========================================================================
Received Import Request.
  Time since last request: 195.230006 seconds.
  path: Assets/Fishbones04.asset
  artifactKey: Guid(a190098ad73cb4f4b94e5e451d638397) Importer(815301076,1909f56bfc062723c751e8b465ee728b)
Start importing Assets/Fishbones04.asset using Guid(a190098ad73cb4f4b94e5e451d638397) Importer(815301076,1909f56bfc062723c751e8b465ee728b)  -> (artifact id: '80dc9309ecd8c61b3b3ed7f1a1212d2e') in 0.016138 seconds 
  Import took 0.025421 seconds .

========================================================================
Received Import Request.
  Time since last request: 549.915161 seconds.
  path: Assets/Chain04.asset
  artifactKey: Guid(15dc5e3c0372fcb43bebfc2c83f92e73) Importer(815301076,1909f56bfc062723c751e8b465ee728b)
Start importing Assets/Chain04.asset using Guid(15dc5e3c0372fcb43bebfc2c83f92e73) Importer(815301076,1909f56bfc062723c751e8b465ee728b)  -> (artifact id: '1d464e808010bae576f7442b5595b101') in 0.003157 seconds 
  Import took 0.008737 seconds .

========================================================================
Received Import Request.
  Time since last request: 0.000314 seconds.
  path: Assets/Fishbones04.asset
  artifactKey: Guid(a190098ad73cb4f4b94e5e451d638397) Importer(815301076,1909f56bfc062723c751e8b465ee728b)
Start importing Assets/Fishbones04.asset using Guid(a190098ad73cb4f4b94e5e451d638397) Importer(815301076,1909f56bfc062723c751e8b465ee728b)  -> (artifact id: 'd8b0e79e5aef1a6bc755e75be2c869d1') in 0.003871 seconds 
  Import took 0.008464 seconds .

========================================================================
Received Import Request.
  Time since last request: 0.000304 seconds.
  path: Assets/RottenApple04.asset
  artifactKey: Guid(358b5cf4623a58f44bcfd1d19737933a) Importer(815301076,1909f56bfc062723c751e8b465ee728b)
Start importing Assets/RottenApple04.asset using Guid(358b5cf4623a58f44bcfd1d19737933a) Importer(815301076,1909f56bfc062723c751e8b465ee728b)  -> (artifact id: 'c8aeb9e1ca99c65ab6dfeb9a6624e00e') in 0.002871 seconds 
  Import took 0.007289 seconds .

========================================================================
Received Import Request.
  Time since last request: 0.000324 seconds.
  path: Assets/Mushroom04.asset
  artifactKey: Guid(fcbce8c391577c24780dd4e26e74d7a5) Importer(815301076,1909f56bfc062723c751e8b465ee728b)
Start importing Assets/Mushroom04.asset using Guid(fcbce8c391577c24780dd4e26e74d7a5) Importer(815301076,1909f56bfc062723c751e8b465ee728b)  -> (artifact id: 'a4b1d2c9c41f21d9152ce569b36b6861') in 0.007232 seconds 
  Import took 0.011798 seconds .

========================================================================
Received Import Request.
  Time since last request: 0.000317 seconds.
  path: Assets/GlassBottle04.asset
  artifactKey: Guid(31f40f6bebdfa204a91b52dfe1231cbd) Importer(815301076,1909f56bfc062723c751e8b465ee728b)
Start importing Assets/GlassBottle04.asset using Guid(31f40f6bebdfa204a91b52dfe1231cbd) Importer(815301076,1909f56bfc062723c751e8b465ee728b)  -> (artifact id: '62d82dc597d36361d98fdd960f37c958') in 0.004175 seconds 
  Import took 0.008711 seconds .

========================================================================
Received Import Request.
  Time since last request: 0.000316 seconds.
  path: Assets/Paper04.asset
  artifactKey: Guid(ae0604b2db04d2b41bd16c76a1a3e514) Importer(815301076,1909f56bfc062723c751e8b465ee728b)
Start importing Assets/Paper04.asset using Guid(ae0604b2db04d2b41bd16c76a1a3e514) Importer(815301076,1909f56bfc062723c751e8b465ee728b)  -> (artifact id: '22c70293057cf87836421705288b94a3') in 0.004038 seconds 
  Import took 0.009830 seconds .

========================================================================
Received Import Request.
  Time since last request: 0.000234 seconds.
  path: Assets/Mirror04.asset
  artifactKey: Guid(4563510a1f59f0747ab6a93e51bae3d5) Importer(815301076,1909f56bfc062723c751e8b465ee728b)
Start importing Assets/Mirror04.asset using Guid(4563510a1f59f0747ab6a93e51bae3d5) Importer(815301076,1909f56bfc062723c751e8b465ee728b)  -> (artifact id: '4027dc6090174c56c49f41a03cc49be9') in 0.003833 seconds 
  Import took 0.010912 seconds .

========================================================================
Received Import Request.
  Time since last request: 0.000338 seconds.
  path: Assets/Spanner04.asset
  artifactKey: Guid(f108a297e5859e84ca8f3387e49d93b8) Importer(815301076,1909f56bfc062723c751e8b465ee728b)
Start importing Assets/Spanner04.asset using Guid(f108a297e5859e84ca8f3387e49d93b8) Importer(815301076,1909f56bfc062723c751e8b465ee728b)  -> (artifact id: '0eba4a3f362836836e3501ca7d3af557') in 0.007950 seconds 
  Import took 0.013193 seconds .

========================================================================
Received Import Request.
  Time since last request: 0.000324 seconds.
  path: Assets/Newspaper04.asset
  artifactKey: Guid(ca9abf17ef023804da23cdb1c9fb7189) Importer(815301076,1909f56bfc062723c751e8b465ee728b)
Start importing Assets/Newspaper04.asset using Guid(ca9abf17ef023804da23cdb1c9fb7189) Importer(815301076,1909f56bfc062723c751e8b465ee728b)  -> (artifact id: 'c1d2119b75aa3fcc90d835e7ed6d0e17') in 0.003792 seconds 
  Import took 0.009037 seconds .

========================================================================
Received Import Request.
  Time since last request: 0.000357 seconds.
  path: Assets/Yogurt04.asset
  artifactKey: Guid(f4118469238fb2241b3ef7f0bc09d0b8) Importer(815301076,1909f56bfc062723c751e8b465ee728b)
Start importing Assets/Yogurt04.asset using Guid(f4118469238fb2241b3ef7f0bc09d0b8) Importer(815301076,1909f56bfc062723c751e8b465ee728b)  -> (artifact id: 'e5222395e9878aa1358d5930deca15f6') in 0.008626 seconds 
  Import took 0.012819 seconds .

========================================================================
Received Import Request.
  Time since last request: 1.744867 seconds.
  path: Assets/Batteries04.asset
  artifactKey: Guid(0a88a513ddee90342b459e238a791fbc) Importer(815301076,1909f56bfc062723c751e8b465ee728b)
Start importing Assets/Batteries04.asset using Guid(0a88a513ddee90342b459e238a791fbc) Importer(815301076,1909f56bfc062723c751e8b465ee728b)  -> (artifact id: '15f3f0badbc1155c588c3cd89f18d0b6') in 0.003098 seconds 
  Import took 0.007453 seconds .

========================================================================
Received Prepare
Registering precompiled user dll's ...
Registered in 0.003451 seconds.
Begin MonoManager ReloadAssembly
Native extension for Lumin target not found
Native extension for WindowsStandalone target not found
Refreshing native plugins compatible for Editor in 0.57 ms, found 3 plugins.
Preloading 0 native plugins for Editor in 0.00 ms.
Mono: successfully reloaded assembly
- Completed reload, in  1.344 seconds
Domain Reload Profiling:
	ReloadAssembly (1344ms)
		BeginReloadAssembly (140ms)
			ExecutionOrderSort (0ms)
			DisableScriptedObjects (10ms)
			BackupInstance (0ms)
			ReleaseScriptingObjects (0ms)
			CreateAndSetChildDomain (45ms)
		EndReloadAssembly (1129ms)
			LoadAssemblies (113ms)
			RebuildTransferFunctionScriptingTraits (0ms)
			SetupTypeCache (381ms)
			ReleaseScriptCaches (1ms)
			RebuildScriptCaches (55ms)
			SetupLoadedEditorAssemblies (440ms)
				LogAssemblyErrors (0ms)
				InitializePlatformSupportModulesInManaged (6ms)
				SetLoadedEditorAssemblies (0ms)
				RefreshPlugins (1ms)
				BeforeProcessingInitializeOnLoad (96ms)
				ProcessInitializeOnLoadAttributes (320ms)
				ProcessInitializeOnLoadMethodAttributes (13ms)
				AfterProcessingInitializeOnLoad (3ms)
				EditorAssembliesLoaded (0ms)
			ExecutionOrderSort2 (0ms)
			AwakeInstancesAfterBackupRestoration (11ms)
Platform modules already initialized, skipping
Refreshing native plugins compatible for Editor in 0.51 ms, found 3 plugins.
Preloading 0 native plugins for Editor in 0.00 ms.
Unloading 2185 Unused Serialized files (Serialized files now loaded: 0)
System memory in use before: 98.4 MB.
System memory in use after: 98.5 MB.

Unloading 17 unused Assets to reduce memory usage. Loaded Objects now: 2641.
Total: 3.618100 ms (FindLiveObjects: 0.220600 ms CreateObjectMapping: 0.100900 ms MarkObjects: 3.272300 ms  DeleteObjects: 0.023000 ms)

AssetImportParameters requested are different than current active one (requested -> active):
  custom:framework-win-MediaFoundation: 216162199b28c13a410421893ffa2e32 -> 
  custom:video-decoder-ogg-theora: a1e56fd34408186e4bbccfd4996cb3dc -> 
  custom:container-muxer-webm: aa71ff27fc2769a1b78a27578f13a17b -> 
  custom:container-demuxer-webm: 4f35f7cbe854078d1ac9338744f61a02 -> 
  custom:container-demuxer-ogg: 62fdf1f143b41e24485cea50d1cbac27 -> 
  custom:video-encoder-webm-vp8: eb34c28f22e8b96e1ab97ce403110664 -> 
  custom:video-codec-MediaFoundation-h265: 746d11721c4dcdbdad8f713fa42b33f4 -> 
  custom:video-decoder-webm-vp8: 9c59270c3fd7afecdb556c50c9e8de78 -> 
  custom:audio-decoder-ogg-vorbis: bf7c407c2cedff20999df2af8eb42d56 -> 
  custom:audio-encoder-webm-vorbis: bf7c407c2cedff20999df2af8eb42d56 -> 
========================================================================
Received Prepare
Registering precompiled user dll's ...
Registered in 0.004364 seconds.
Begin MonoManager ReloadAssembly
Native extension for Lumin target not found
Native extension for WindowsStandalone target not found
Refreshing native plugins compatible for Editor in 0.71 ms, found 3 plugins.
Preloading 0 native plugins for Editor in 0.00 ms.
Mono: successfully reloaded assembly
- Completed reload, in  1.432 seconds
Domain Reload Profiling:
	ReloadAssembly (1433ms)
		BeginReloadAssembly (169ms)
			ExecutionOrderSort (0ms)
			DisableScriptedObjects (9ms)
			BackupInstance (0ms)
			ReleaseScriptingObjects (0ms)
			CreateAndSetChildDomain (56ms)
		EndReloadAssembly (1171ms)
			LoadAssemblies (131ms)
			RebuildTransferFunctionScriptingTraits (0ms)
			SetupTypeCache (487ms)
			ReleaseScriptCaches (1ms)
			RebuildScriptCaches (57ms)
			SetupLoadedEditorAssemblies (366ms)
				LogAssemblyErrors (0ms)
				InitializePlatformSupportModulesInManaged (8ms)
				SetLoadedEditorAssemblies (1ms)
				RefreshPlugins (1ms)
				BeforeProcessingInitializeOnLoad (96ms)
				ProcessInitializeOnLoadAttributes (245ms)
				ProcessInitializeOnLoadMethodAttributes (13ms)
				AfterProcessingInitializeOnLoad (3ms)
				EditorAssembliesLoaded (0ms)
			ExecutionOrderSort2 (0ms)
			AwakeInstancesAfterBackupRestoration (11ms)
Platform modules already initialized, skipping
Refreshing native plugins compatible for Editor in 0.86 ms, found 3 plugins.
Preloading 0 native plugins for Editor in 0.00 ms.
Unloading 2185 Unused Serialized files (Serialized files now loaded: 0)
System memory in use before: 98.4 MB.
System memory in use after: 98.5 MB.

Unloading 17 unused Assets to reduce memory usage. Loaded Objects now: 2643.
Total: 4.202100 ms (FindLiveObjects: 0.208500 ms CreateObjectMapping: 0.084400 ms MarkObjects: 3.862000 ms  DeleteObjects: 0.046100 ms)

AssetImportParameters requested are different than current active one (requested -> active):
  custom:framework-win-MediaFoundation: 216162199b28c13a410421893ffa2e32 -> 
  custom:video-decoder-ogg-theora: a1e56fd34408186e4bbccfd4996cb3dc -> 
  custom:container-muxer-webm: aa71ff27fc2769a1b78a27578f13a17b -> 
  custom:container-demuxer-webm: 4f35f7cbe854078d1ac9338744f61a02 -> 
  custom:container-demuxer-ogg: 62fdf1f143b41e24485cea50d1cbac27 -> 
  custom:video-encoder-webm-vp8: eb34c28f22e8b96e1ab97ce403110664 -> 
  custom:video-codec-MediaFoundation-h265: 746d11721c4dcdbdad8f713fa42b33f4 -> 
  custom:video-decoder-webm-vp8: 9c59270c3fd7afecdb556c50c9e8de78 -> 
  custom:audio-decoder-ogg-vorbis: bf7c407c2cedff20999df2af8eb42d56 -> 
  custom:audio-encoder-webm-vorbis: bf7c407c2cedff20999df2af8eb42d56 -> 
========================================================================
Received Prepare
Registering precompiled user dll's ...
Registered in 0.003780 seconds.
Begin MonoManager ReloadAssembly
Native extension for Lumin target not found
Native extension for WindowsStandalone target not found
Refreshing native plugins compatible for Editor in 0.54 ms, found 3 plugins.
Preloading 0 native plugins for Editor in 0.00 ms.
Mono: successfully reloaded assembly
- Completed reload, in  1.375 seconds
Domain Reload Profiling:
	ReloadAssembly (1375ms)
		BeginReloadAssembly (150ms)
			ExecutionOrderSort (0ms)
			DisableScriptedObjects (9ms)
			BackupInstance (0ms)
			ReleaseScriptingObjects (0ms)
			CreateAndSetChildDomain (48ms)
		EndReloadAssembly (1146ms)
			LoadAssemblies (119ms)
			RebuildTransferFunctionScriptingTraits (0ms)
			SetupTypeCache (413ms)
			ReleaseScriptCaches (1ms)
			RebuildScriptCaches (65ms)
			SetupLoadedEditorAssemblies (413ms)
				LogAssemblyErrors (0ms)
				InitializePlatformSupportModulesInManaged (7ms)
				SetLoadedEditorAssemblies (1ms)
				RefreshPlugins (1ms)
				BeforeProcessingInitializeOnLoad (89ms)
				ProcessInitializeOnLoadAttributes (297ms)
				ProcessInitializeOnLoadMethodAttributes (15ms)
				AfterProcessingInitializeOnLoad (3ms)
				EditorAssembliesLoaded (0ms)
			ExecutionOrderSort2 (0ms)
			AwakeInstancesAfterBackupRestoration (12ms)
Platform modules already initialized, skipping
Refreshing native plugins compatible for Editor in 0.53 ms, found 3 plugins.
Preloading 0 native plugins for Editor in 0.00 ms.
Unloading 2185 Unused Serialized files (Serialized files now loaded: 0)
System memory in use before: 98.4 MB.
System memory in use after: 98.5 MB.

Unloading 17 unused Assets to reduce memory usage. Loaded Objects now: 2645.
Total: 4.140600 ms (FindLiveObjects: 0.225400 ms CreateObjectMapping: 0.106900 ms MarkObjects: 3.767100 ms  DeleteObjects: 0.039900 ms)

AssetImportParameters requested are different than current active one (requested -> active):
  custom:framework-win-MediaFoundation: 216162199b28c13a410421893ffa2e32 -> 
  custom:video-decoder-ogg-theora: a1e56fd34408186e4bbccfd4996cb3dc -> 
  custom:container-muxer-webm: aa71ff27fc2769a1b78a27578f13a17b -> 
  custom:container-demuxer-webm: 4f35f7cbe854078d1ac9338744f61a02 -> 
  custom:container-demuxer-ogg: 62fdf1f143b41e24485cea50d1cbac27 -> 
  custom:video-encoder-webm-vp8: eb34c28f22e8b96e1ab97ce403110664 -> 
  custom:video-codec-MediaFoundation-h265: 746d11721c4dcdbdad8f713fa42b33f4 -> 
  custom:video-decoder-webm-vp8: 9c59270c3fd7afecdb556c50c9e8de78 -> 
  custom:audio-decoder-ogg-vorbis: bf7c407c2cedff20999df2af8eb42d56 -> 
  custom:audio-encoder-webm-vorbis: bf7c407c2cedff20999df2af8eb42d56 -> 
========================================================================
Received Import Request.
  Time since last request: 496.174989 seconds.
  path: Assets/ScriptableObjects/TrashItems/MetalSpanner.asset
  artifactKey: Guid(929929e37ba51d149bbd57bb85b8dd4c) Importer(815301076,1909f56bfc062723c751e8b465ee728b)
Start importing Assets/ScriptableObjects/TrashItems/MetalSpanner.asset using Guid(929929e37ba51d149bbd57bb85b8dd4c) Importer(815301076,1909f56bfc062723c751e8b465ee728b)  -> (artifact id: '4dd2869f0e19a36c709ad9e08a437dc4') in 0.020971 seconds 
  Import took 0.025588 seconds .

========================================================================
Received Import Request.
  Time since last request: 0.000332 seconds.
  path: Assets/ScriptableObjects/TrashItems/Mirror.asset
  artifactKey: Guid(35c4cc64feb6be947b481ddf757845a8) Importer(815301076,1909f56bfc062723c751e8b465ee728b)
Start importing Assets/ScriptableObjects/TrashItems/Mirror.asset using Guid(35c4cc64feb6be947b481ddf757845a8) Importer(815301076,1909f56bfc062723c751e8b465ee728b)  -> (artifact id: '378abcb41797d942a6a69b09bd2a33d3') in 0.007861 seconds 
  Import took 0.012920 seconds .

========================================================================
Received Import Request.
  Time since last request: 6.142536 seconds.
  path: Assets/ScriptableObjects/TrashItems/Phone.asset
  artifactKey: Guid(dae6fec1d236e634caf363b69e7d40da) Importer(815301076,1909f56bfc062723c751e8b465ee728b)
Start importing Assets/ScriptableObjects/TrashItems/Phone.asset using Guid(dae6fec1d236e634caf363b69e7d40da) Importer(815301076,1909f56bfc062723c751e8b465ee728b)  -> (artifact id: '64f60e5fd477e17f28c51aae7ce79c99') in 0.003757 seconds 
  Import took 0.008575 seconds .

========================================================================
Received Prepare
Registering precompiled user dll's ...
Registered in 0.004776 seconds.
Begin MonoManager ReloadAssembly
Native extension for Lumin target not found
Native extension for WindowsStandalone target not found
Refreshing native plugins compatible for Editor in 0.62 ms, found 3 plugins.
Preloading 0 native plugins for Editor in 0.00 ms.
Mono: successfully reloaded assembly
- Completed reload, in  1.289 seconds
Domain Reload Profiling:
	ReloadAssembly (1289ms)
		BeginReloadAssembly (153ms)
			ExecutionOrderSort (0ms)
			DisableScriptedObjects (7ms)
			BackupInstance (0ms)
			ReleaseScriptingObjects (0ms)
			CreateAndSetChildDomain (53ms)
		EndReloadAssembly (1055ms)
			LoadAssemblies (113ms)
			RebuildTransferFunctionScriptingTraits (0ms)
			SetupTypeCache (400ms)
			ReleaseScriptCaches (1ms)
			RebuildScriptCaches (53ms)
			SetupLoadedEditorAssemblies (373ms)
				LogAssemblyErrors (0ms)
				InitializePlatformSupportModulesInManaged (6ms)
				SetLoadedEditorAssemblies (1ms)
				RefreshPlugins (1ms)
				BeforeProcessingInitializeOnLoad (98ms)
				ProcessInitializeOnLoadAttributes (248ms)
				ProcessInitializeOnLoadMethodAttributes (16ms)
				AfterProcessingInitializeOnLoad (3ms)
				EditorAssembliesLoaded (0ms)
			ExecutionOrderSort2 (0ms)
			AwakeInstancesAfterBackupRestoration (12ms)
Platform modules already initialized, skipping
Refreshing native plugins compatible for Editor in 0.80 ms, found 3 plugins.
Preloading 0 native plugins for Editor in 0.00 ms.
Unloading 2185 Unused Serialized files (Serialized files now loaded: 0)
System memory in use before: 98.4 MB.
System memory in use after: 98.5 MB.

Unloading 17 unused Assets to reduce memory usage. Loaded Objects now: 2647.
Total: 3.730100 ms (FindLiveObjects: 0.216600 ms CreateObjectMapping: 0.078600 ms MarkObjects: 3.375200 ms  DeleteObjects: 0.058500 ms)

AssetImportParameters requested are different than current active one (requested -> active):
  custom:framework-win-MediaFoundation: 216162199b28c13a410421893ffa2e32 -> 
  custom:video-decoder-ogg-theora: a1e56fd34408186e4bbccfd4996cb3dc -> 
  custom:container-muxer-webm: aa71ff27fc2769a1b78a27578f13a17b -> 
  custom:container-demuxer-webm: 4f35f7cbe854078d1ac9338744f61a02 -> 
  custom:container-demuxer-ogg: 62fdf1f143b41e24485cea50d1cbac27 -> 
  custom:video-encoder-webm-vp8: eb34c28f22e8b96e1ab97ce403110664 -> 
  custom:video-codec-MediaFoundation-h265: 746d11721c4dcdbdad8f713fa42b33f4 -> 
  custom:video-decoder-webm-vp8: 9c59270c3fd7afecdb556c50c9e8de78 -> 
  custom:audio-decoder-ogg-vorbis: bf7c407c2cedff20999df2af8eb42d56 -> 
  custom:audio-encoder-webm-vorbis: bf7c407c2cedff20999df2af8eb42d56 -> 
========================================================================
Received Import Request.
  Time since last request: 26.103479 seconds.
  path: Assets/ScriptableObjects/TrashSpawns/Level 04/RottenApple04.asset
  artifactKey: Guid(358b5cf4623a58f44bcfd1d19737933a) Importer(815301076,1909f56bfc062723c751e8b465ee728b)
Start importing Assets/ScriptableObjects/TrashSpawns/Level 04/RottenApple04.asset using Guid(358b5cf4623a58f44bcfd1d19737933a) Importer(815301076,1909f56bfc062723c751e8b465ee728b)  -> (artifact id: 'bb988a909ac1e460eafa8ffb1607180c') in 0.015985 seconds 
  Import took 0.019725 seconds .

========================================================================
Received Import Request.
  Time since last request: 0.000349 seconds.
  path: Assets/ScriptableObjects/TrashSpawns/Level 04/Phone04.asset
  artifactKey: Guid(735a48d0134334d448a0d7b59431c41b) Importer(815301076,1909f56bfc062723c751e8b465ee728b)
Start importing Assets/ScriptableObjects/TrashSpawns/Level 04/Phone04.asset using Guid(735a48d0134334d448a0d7b59431c41b) Importer(815301076,1909f56bfc062723c751e8b465ee728b)  -> (artifact id: 'd9220d168141b9c873caec0f68809c22') in 0.003091 seconds 
  Import took 0.007043 seconds .

========================================================================
Received Import Request.
  Time since last request: 0.000369 seconds.
  path: Assets/ScriptableObjects/TrashSpawns/Level 04/Mushroom04.asset
  artifactKey: Guid(fcbce8c391577c24780dd4e26e74d7a5) Importer(815301076,1909f56bfc062723c751e8b465ee728b)
Start importing Assets/ScriptableObjects/TrashSpawns/Level 04/Mushroom04.asset using Guid(fcbce8c391577c24780dd4e26e74d7a5) Importer(815301076,1909f56bfc062723c751e8b465ee728b)  -> (artifact id: '6ff8d4d975c2e5983262dadbccb6a3fe') in 0.003301 seconds 
  Import took 0.008046 seconds .

========================================================================
Received Import Request.
  Time since last request: 0.000397 seconds.
  path: Assets/ScriptableObjects/TrashSpawns/Level 04/Chain04.asset
  artifactKey: Guid(15dc5e3c0372fcb43bebfc2c83f92e73) Importer(815301076,1909f56bfc062723c751e8b465ee728b)
Start importing Assets/ScriptableObjects/TrashSpawns/Level 04/Chain04.asset using Guid(15dc5e3c0372fcb43bebfc2c83f92e73) Importer(815301076,1909f56bfc062723c751e8b465ee728b)  -> (artifact id: 'fe7cc7beba7be6d78be15e72b666f194') in 0.004011 seconds 
  Import took 0.009742 seconds .

========================================================================
Received Import Request.
  Time since last request: 0.000304 seconds.
  path: Assets/ScriptableObjects/TrashSpawns/Level 04/Newspaper04.asset
  artifactKey: Guid(ca9abf17ef023804da23cdb1c9fb7189) Importer(815301076,1909f56bfc062723c751e8b465ee728b)
Start importing Assets/ScriptableObjects/TrashSpawns/Level 04/Newspaper04.asset using Guid(ca9abf17ef023804da23cdb1c9fb7189) Importer(815301076,1909f56bfc062723c751e8b465ee728b)  -> (artifact id: 'ff1f4ed16c6849818ddb17faf5a48543') in 0.004464 seconds 
  Import took 0.008733 seconds .

========================================================================
Received Prepare
Registering precompiled user dll's ...
Registered in 0.347825 seconds.
Begin MonoManager ReloadAssembly
Native extension for Lumin target not found
Native extension for WindowsStandalone target not found
Refreshing native plugins compatible for Editor in 0.61 ms, found 3 plugins.
Preloading 0 native plugins for Editor in 0.00 ms.
Mono: successfully reloaded assembly
- Completed reload, in  1.443 seconds
Domain Reload Profiling:
	ReloadAssembly (1444ms)
		BeginReloadAssembly (133ms)
			ExecutionOrderSort (0ms)
			DisableScriptedObjects (8ms)
			BackupInstance (0ms)
			ReleaseScriptingObjects (0ms)
			CreateAndSetChildDomain (42ms)
		EndReloadAssembly (1245ms)
			LoadAssemblies (100ms)
			RebuildTransferFunctionScriptingTraits (0ms)
			SetupTypeCache (357ms)
			ReleaseScriptCaches (1ms)
			RebuildScriptCaches (58ms)
			SetupLoadedEditorAssemblies (587ms)
				LogAssemblyErrors (0ms)
				InitializePlatformSupportModulesInManaged (7ms)
				SetLoadedEditorAssemblies (1ms)
				RefreshPlugins (1ms)
				BeforeProcessingInitializeOnLoad (106ms)
				ProcessInitializeOnLoadAttributes (447ms)
				ProcessInitializeOnLoadMethodAttributes (21ms)
				AfterProcessingInitializeOnLoad (5ms)
				EditorAssembliesLoaded (0ms)
			ExecutionOrderSort2 (0ms)
			AwakeInstancesAfterBackupRestoration (14ms)
Platform modules already initialized, skipping
Refreshing native plugins compatible for Editor in 0.62 ms, found 3 plugins.
Preloading 0 native plugins for Editor in 0.00 ms.
Unloading 2185 Unused Serialized files (Serialized files now loaded: 0)
System memory in use before: 98.4 MB.
System memory in use after: 98.5 MB.

Unloading 17 unused Assets to reduce memory usage. Loaded Objects now: 2649.
Total: 4.634700 ms (FindLiveObjects: 0.201600 ms CreateObjectMapping: 0.096900 ms MarkObjects: 4.269300 ms  DeleteObjects: 0.065600 ms)

AssetImportParameters requested are different than current active one (requested -> active):
  custom:framework-win-MediaFoundation: 216162199b28c13a410421893ffa2e32 -> 
  custom:video-decoder-ogg-theora: a1e56fd34408186e4bbccfd4996cb3dc -> 
  custom:container-muxer-webm: aa71ff27fc2769a1b78a27578f13a17b -> 
  custom:container-demuxer-webm: 4f35f7cbe854078d1ac9338744f61a02 -> 
  custom:container-demuxer-ogg: 62fdf1f143b41e24485cea50d1cbac27 -> 
  custom:video-encoder-webm-vp8: eb34c28f22e8b96e1ab97ce403110664 -> 
  custom:video-codec-MediaFoundation-h265: 746d11721c4dcdbdad8f713fa42b33f4 -> 
  custom:video-decoder-webm-vp8: 9c59270c3fd7afecdb556c50c9e8de78 -> 
  custom:audio-decoder-ogg-vorbis: bf7c407c2cedff20999df2af8eb42d56 -> 
  custom:audio-encoder-webm-vorbis: bf7c407c2cedff20999df2af8eb42d56 -> 
========================================================================
Received Prepare
Registering precompiled user dll's ...
Registered in 0.006081 seconds.
Begin MonoManager ReloadAssembly
Native extension for Lumin target not found
Native extension for WindowsStandalone target not found
Refreshing native plugins compatible for Editor in 0.51 ms, found 3 plugins.
Preloading 0 native plugins for Editor in 0.00 ms.
Mono: successfully reloaded assembly
- Completed reload, in  1.282 seconds
Domain Reload Profiling:
	ReloadAssembly (1283ms)
		BeginReloadAssembly (119ms)
			ExecutionOrderSort (0ms)
			DisableScriptedObjects (7ms)
			BackupInstance (0ms)
			ReleaseScriptingObjects (0ms)
			CreateAndSetChildDomain (38ms)
		EndReloadAssembly (1097ms)
			LoadAssemblies (104ms)
			RebuildTransferFunctionScriptingTraits (0ms)
			SetupTypeCache (446ms)
			ReleaseScriptCaches (1ms)
			RebuildScriptCaches (55ms)
			SetupLoadedEditorAssemblies (360ms)
				LogAssemblyErrors (0ms)
				InitializePlatformSupportModulesInManaged (7ms)
				SetLoadedEditorAssemblies (1ms)
				RefreshPlugins (1ms)
				BeforeProcessingInitializeOnLoad (90ms)
				ProcessInitializeOnLoadAttributes (246ms)
				ProcessInitializeOnLoadMethodAttributes (13ms)
				AfterProcessingInitializeOnLoad (3ms)
				EditorAssembliesLoaded (0ms)
			ExecutionOrderSort2 (0ms)
			AwakeInstancesAfterBackupRestoration (10ms)
Platform modules already initialized, skipping
Refreshing native plugins compatible for Editor in 0.53 ms, found 3 plugins.
Preloading 0 native plugins for Editor in 0.00 ms.
Unloading 2185 Unused Serialized files (Serialized files now loaded: 0)
System memory in use before: 98.4 MB.
System memory in use after: 98.5 MB.

Unloading 17 unused Assets to reduce memory usage. Loaded Objects now: 2651.
Total: 4.491800 ms (FindLiveObjects: 0.191400 ms CreateObjectMapping: 0.078400 ms MarkObjects: 4.184300 ms  DeleteObjects: 0.036500 ms)

AssetImportParameters requested are different than current active one (requested -> active):
  custom:framework-win-MediaFoundation: 216162199b28c13a410421893ffa2e32 -> 
  custom:video-decoder-ogg-theora: a1e56fd34408186e4bbccfd4996cb3dc -> 
  custom:container-muxer-webm: aa71ff27fc2769a1b78a27578f13a17b -> 
  custom:container-demuxer-webm: 4f35f7cbe854078d1ac9338744f61a02 -> 
  custom:container-demuxer-ogg: 62fdf1f143b41e24485cea50d1cbac27 -> 
  custom:video-encoder-webm-vp8: eb34c28f22e8b96e1ab97ce403110664 -> 
  custom:video-codec-MediaFoundation-h265: 746d11721c4dcdbdad8f713fa42b33f4 -> 
  custom:video-decoder-webm-vp8: 9c59270c3fd7afecdb556c50c9e8de78 -> 
  custom:audio-decoder-ogg-vorbis: bf7c407c2cedff20999df2af8eb42d56 -> 
  custom:audio-encoder-webm-vorbis: bf7c407c2cedff20999df2af8eb42d56 -> 
========================================================================
Received Prepare
Registering precompiled user dll's ...
Registered in 0.003500 seconds.
Begin MonoManager ReloadAssembly
Native extension for Lumin target not found
Native extension for WindowsStandalone target not found
Refreshing native plugins compatible for Editor in 0.59 ms, found 3 plugins.
Preloading 0 native plugins for Editor in 0.00 ms.
Mono: successfully reloaded assembly
- Completed reload, in  1.381 seconds
Domain Reload Profiling:
	ReloadAssembly (1381ms)
		BeginReloadAssembly (157ms)
			ExecutionOrderSort (0ms)
			DisableScriptedObjects (8ms)
			BackupInstance (0ms)
			ReleaseScriptingObjects (0ms)
			CreateAndSetChildDomain (54ms)
		EndReloadAssembly (1144ms)
			LoadAssemblies (129ms)
			RebuildTransferFunctionScriptingTraits (0ms)
			SetupTypeCache (425ms)
			ReleaseScriptCaches (1ms)
			RebuildScriptCaches (53ms)
			SetupLoadedEditorAssemblies (410ms)
				LogAssemblyErrors (0ms)
				InitializePlatformSupportModulesInManaged (6ms)
				SetLoadedEditorAssemblies (1ms)
				RefreshPlugins (1ms)
				BeforeProcessingInitializeOnLoad (105ms)
				ProcessInitializeOnLoadAttributes (282ms)
				ProcessInitializeOnLoadMethodAttributes (12ms)
				AfterProcessingInitializeOnLoad (3ms)
				EditorAssembliesLoaded (0ms)
			ExecutionOrderSort2 (0ms)
			AwakeInstancesAfterBackupRestoration (10ms)
Platform modules already initialized, skipping
Refreshing native plugins compatible for Editor in 0.50 ms, found 3 plugins.
Preloading 0 native plugins for Editor in 0.00 ms.
Unloading 2185 Unused Serialized files (Serialized files now loaded: 0)
System memory in use before: 98.4 MB.
System memory in use after: 98.5 MB.

Unloading 17 unused Assets to reduce memory usage. Loaded Objects now: 2653.
Total: 4.164800 ms (FindLiveObjects: 0.240100 ms CreateObjectMapping: 0.082900 ms MarkObjects: 3.811900 ms  DeleteObjects: 0.028700 ms)

AssetImportParameters requested are different than current active one (requested -> active):
  custom:framework-win-MediaFoundation: 216162199b28c13a410421893ffa2e32 -> 
  custom:video-decoder-ogg-theora: a1e56fd34408186e4bbccfd4996cb3dc -> 
  custom:container-muxer-webm: aa71ff27fc2769a1b78a27578f13a17b -> 
  custom:container-demuxer-webm: 4f35f7cbe854078d1ac9338744f61a02 -> 
  custom:container-demuxer-ogg: 62fdf1f143b41e24485cea50d1cbac27 -> 
  custom:video-encoder-webm-vp8: eb34c28f22e8b96e1ab97ce403110664 -> 
  custom:video-codec-MediaFoundation-h265: 746d11721c4dcdbdad8f713fa42b33f4 -> 
  custom:video-decoder-webm-vp8: 9c59270c3fd7afecdb556c50c9e8de78 -> 
  custom:audio-decoder-ogg-vorbis: bf7c407c2cedff20999df2af8eb42d56 -> 
  custom:audio-encoder-webm-vorbis: bf7c407c2cedff20999df2af8eb42d56 -> 
========================================================================
Received Prepare
Registering precompiled user dll's ...
Registered in 0.004492 seconds.
Begin MonoManager ReloadAssembly
Native extension for Lumin target not found
Native extension for WindowsStandalone target not found
Refreshing native plugins compatible for Editor in 0.64 ms, found 3 plugins.
Preloading 0 native plugins for Editor in 0.00 ms.
Mono: successfully reloaded assembly
- Completed reload, in  1.467 seconds
Domain Reload Profiling:
	ReloadAssembly (1468ms)
		BeginReloadAssembly (171ms)
			ExecutionOrderSort (0ms)
			DisableScriptedObjects (8ms)
			BackupInstance (0ms)
			ReleaseScriptingObjects (0ms)
			CreateAndSetChildDomain (44ms)
		EndReloadAssembly (1209ms)
			LoadAssemblies (141ms)
			RebuildTransferFunctionScriptingTraits (0ms)
			SetupTypeCache (436ms)
			ReleaseScriptCaches (1ms)
			RebuildScriptCaches (59ms)
			SetupLoadedEditorAssemblies (431ms)
				LogAssemblyErrors (0ms)
				InitializePlatformSupportModulesInManaged (6ms)
				SetLoadedEditorAssemblies (2ms)
				RefreshPlugins (1ms)
				BeforeProcessingInitializeOnLoad (111ms)
				ProcessInitializeOnLoadAttributes (288ms)
				ProcessInitializeOnLoadMethodAttributes (20ms)
				AfterProcessingInitializeOnLoad (3ms)
				EditorAssembliesLoaded (0ms)
			ExecutionOrderSort2 (0ms)
			AwakeInstancesAfterBackupRestoration (10ms)
Platform modules already initialized, skipping
Refreshing native plugins compatible for Editor in 0.53 ms, found 3 plugins.
Preloading 0 native plugins for Editor in 0.00 ms.
Unloading 2185 Unused Serialized files (Serialized files now loaded: 0)
System memory in use before: 98.4 MB.
System memory in use after: 98.6 MB.

Unloading 17 unused Assets to reduce memory usage. Loaded Objects now: 2655.
Total: 3.899900 ms (FindLiveObjects: 0.204700 ms CreateObjectMapping: 0.074100 ms MarkObjects: 3.564400 ms  DeleteObjects: 0.055700 ms)

AssetImportParameters requested are different than current active one (requested -> active):
  custom:framework-win-MediaFoundation: 216162199b28c13a410421893ffa2e32 -> 
  custom:video-decoder-ogg-theora: a1e56fd34408186e4bbccfd4996cb3dc -> 
  custom:container-muxer-webm: aa71ff27fc2769a1b78a27578f13a17b -> 
  custom:container-demuxer-webm: 4f35f7cbe854078d1ac9338744f61a02 -> 
  custom:container-demuxer-ogg: 62fdf1f143b41e24485cea50d1cbac27 -> 
  custom:video-encoder-webm-vp8: eb34c28f22e8b96e1ab97ce403110664 -> 
  custom:video-codec-MediaFoundation-h265: 746d11721c4dcdbdad8f713fa42b33f4 -> 
  custom:video-decoder-webm-vp8: 9c59270c3fd7afecdb556c50c9e8de78 -> 
  custom:audio-decoder-ogg-vorbis: bf7c407c2cedff20999df2af8eb42d56 -> 
  custom:audio-encoder-webm-vorbis: bf7c407c2cedff20999df2af8eb42d56 -> 
========================================================================
Received Prepare
Registering precompiled user dll's ...
Registered in 0.005413 seconds.
Begin MonoManager ReloadAssembly
Native extension for Lumin target not found
Native extension for WindowsStandalone target not found
Refreshing native plugins compatible for Editor in 0.58 ms, found 3 plugins.
Preloading 0 native plugins for Editor in 0.00 ms.
Mono: successfully reloaded assembly
- Completed reload, in  1.338 seconds
Domain Reload Profiling:
	ReloadAssembly (1339ms)
		BeginReloadAssembly (154ms)
			ExecutionOrderSort (0ms)
			DisableScriptedObjects (8ms)
			BackupInstance (0ms)
			ReleaseScriptingObjects (0ms)
			CreateAndSetChildDomain (46ms)
		EndReloadAssembly (1111ms)
			LoadAssemblies (119ms)
			RebuildTransferFunctionScriptingTraits (0ms)
			SetupTypeCache (400ms)
			ReleaseScriptCaches (1ms)
			RebuildScriptCaches (59ms)
			SetupLoadedEditorAssemblies (417ms)
				LogAssemblyErrors (0ms)
				InitializePlatformSupportModulesInManaged (7ms)
				SetLoadedEditorAssemblies (0ms)
				RefreshPlugins (1ms)
				BeforeProcessingInitializeOnLoad (88ms)
				ProcessInitializeOnLoadAttributes (300ms)
				ProcessInitializeOnLoadMethodAttributes (17ms)
				AfterProcessingInitializeOnLoad (3ms)
				EditorAssembliesLoaded (0ms)
			ExecutionOrderSort2 (0ms)
			AwakeInstancesAfterBackupRestoration (13ms)
Platform modules already initialized, skipping
Refreshing native plugins compatible for Editor in 0.55 ms, found 3 plugins.
Preloading 0 native plugins for Editor in 0.00 ms.
Unloading 2185 Unused Serialized files (Serialized files now loaded: 0)
System memory in use before: 98.4 MB.
System memory in use after: 98.6 MB.

Unloading 17 unused Assets to reduce memory usage. Loaded Objects now: 2657.
Total: 3.848300 ms (FindLiveObjects: 0.203400 ms CreateObjectMapping: 0.084800 ms MarkObjects: 3.507100 ms  DeleteObjects: 0.051900 ms)

AssetImportParameters requested are different than current active one (requested -> active):
  custom:framework-win-MediaFoundation: 216162199b28c13a410421893ffa2e32 -> 
  custom:video-decoder-ogg-theora: a1e56fd34408186e4bbccfd4996cb3dc -> 
  custom:container-muxer-webm: aa71ff27fc2769a1b78a27578f13a17b -> 
  custom:container-demuxer-webm: 4f35f7cbe854078d1ac9338744f61a02 -> 
  custom:container-demuxer-ogg: 62fdf1f143b41e24485cea50d1cbac27 -> 
  custom:video-encoder-webm-vp8: eb34c28f22e8b96e1ab97ce403110664 -> 
  custom:video-codec-MediaFoundation-h265: 746d11721c4dcdbdad8f713fa42b33f4 -> 
  custom:video-decoder-webm-vp8: 9c59270c3fd7afecdb556c50c9e8de78 -> 
  custom:audio-decoder-ogg-vorbis: bf7c407c2cedff20999df2af8eb42d56 -> 
  custom:audio-encoder-webm-vorbis: bf7c407c2cedff20999df2af8eb42d56 -> 
========================================================================
Received Import Request.
  Time since last request: 918.179848 seconds.
  path: Assets/Sprites/Backgrounds/Level04
  artifactKey: Guid(40f547a3747fd5c419b7d59ee1811b51) Importer(815301076,1909f56bfc062723c751e8b465ee728b)
Start importing Assets/Sprites/Backgrounds/Level04 using Guid(40f547a3747fd5c419b7d59ee1811b51) Importer(815301076,1909f56bfc062723c751e8b465ee728b)  -> (artifact id: '0a6baf0af516f1f05b8366e9c51d3569') in 0.014033 seconds 
  Import took 0.019062 seconds .

========================================================================
Received Import Request.
  Time since last request: 16.362946 seconds.
  path: Assets/ScriptableObjects/TrashSpawns/Level01
  artifactKey: Guid(c45a90ed7b958af499d6debdc10606f2) Importer(815301076,1909f56bfc062723c751e8b465ee728b)
Start importing Assets/ScriptableObjects/TrashSpawns/Level01 using Guid(c45a90ed7b958af499d6debdc10606f2) Importer(815301076,1909f56bfc062723c751e8b465ee728b)  -> (artifact id: 'ddfe48ff541629d2223d5cbdfb3efd88') in 0.009807 seconds 
  Import took 0.014529 seconds .

========================================================================
Received Import Request.
  Time since last request: 4.024080 seconds.
  path: Assets/ScriptableObjects/TrashSpawns/Level02
  artifactKey: Guid(be8256e76a9a53d4cac456174f8346fc) Importer(815301076,1909f56bfc062723c751e8b465ee728b)
Start importing Assets/ScriptableObjects/TrashSpawns/Level02 using Guid(be8256e76a9a53d4cac456174f8346fc) Importer(815301076,1909f56bfc062723c751e8b465ee728b)  -> (artifact id: 'f2776ff42369bb764fedf58d2b0d6266') in 0.107246 seconds 
  Import took 0.112687 seconds .

========================================================================
Received Import Request.
  Time since last request: 4.187430 seconds.
  path: Assets/ScriptableObjects/TrashSpawns/Level03
  artifactKey: Guid(c923e8babe860d14682e54e339f0a76c) Importer(815301076,1909f56bfc062723c751e8b465ee728b)
Start importing Assets/ScriptableObjects/TrashSpawns/Level03 using Guid(c923e8babe860d14682e54e339f0a76c) Importer(815301076,1909f56bfc062723c751e8b465ee728b)  -> (artifact id: '18154c349d55e2a84791408bbfb43782') in 0.010032 seconds 
  Import took 0.015806 seconds .

========================================================================
Received Import Request.
  Time since last request: 0.532886 seconds.
  path: Assets/ScriptableObjects/TrashSpawns/Level 04
  artifactKey: Guid(4fd8bc1858502dc41b7186c88be1c43e) Importer(815301076,1909f56bfc062723c751e8b465ee728b)
Start importing Assets/ScriptableObjects/TrashSpawns/Level 04 using Guid(4fd8bc1858502dc41b7186c88be1c43e) Importer(815301076,1909f56bfc062723c751e8b465ee728b)  -> (artifact id: '758892f0d5e14b6f1cb3c175e5786d3f') in 0.010728 seconds 
  Import took 0.014853 seconds .

========================================================================
Received Import Request.
  Time since last request: 3.271619 seconds.
  path: Assets/ScriptableObjects/TrashSpawns/Level04
  artifactKey: Guid(4fd8bc1858502dc41b7186c88be1c43e) Importer(815301076,1909f56bfc062723c751e8b465ee728b)
Start importing Assets/ScriptableObjects/TrashSpawns/Level04 using Guid(4fd8bc1858502dc41b7186c88be1c43e) Importer(815301076,1909f56bfc062723c751e8b465ee728b)  -> (artifact id: '5e0a0cb3a2ebfad7effd826e53519571') in 0.004802 seconds 
  Import took 0.009022 seconds .

========================================================================
Received Import Request.
  Time since last request: 174.739883 seconds.
  path: Assets/Resources/LevelIcons/LevelIcon03.png
  artifactKey: Guid(2e74c885f15b42043b2fb5b8e87d74cd) Importer(815301076,1909f56bfc062723c751e8b465ee728b)
Start importing Assets/Resources/LevelIcons/LevelIcon03.png using Guid(2e74c885f15b42043b2fb5b8e87d74cd) Importer(815301076,1909f56bfc062723c751e8b465ee728b)  -> (artifact id: '486aea573cd848acebbaa0c8f79b398d') in 0.082347 seconds 
  Import took 0.087192 seconds .

========================================================================
Received Import Request.
  Time since last request: 0.000364 seconds.
  path: Assets/Resources/LevelIcons/LevelIcon04.png
  artifactKey: Guid(045d8097c9405dd4eb9fef081ea7d9ae) Importer(815301076,1909f56bfc062723c751e8b465ee728b)
Start importing Assets/Resources/LevelIcons/LevelIcon04.png using Guid(045d8097c9405dd4eb9fef081ea7d9ae) Importer(815301076,1909f56bfc062723c751e8b465ee728b)  -> (artifact id: 'f4cadcbef762d14fc5d1aed1b0e99339') in 0.030926 seconds 
  Import took 0.036034 seconds .

========================================================================
Received Import Request.
  Time since last request: 31.533320 seconds.
  path: Assets/Resources/LevelIcons/LevelIcon03.png
  artifactKey: Guid(2e74c885f15b42043b2fb5b8e87d74cd) Importer(815301076,1909f56bfc062723c751e8b465ee728b)
Start importing Assets/Resources/LevelIcons/LevelIcon03.png using Guid(2e74c885f15b42043b2fb5b8e87d74cd) Importer(815301076,1909f56bfc062723c751e8b465ee728b)  -> (artifact id: '2be613d9c92f3a43f54a2a686e2680f3') in 0.022673 seconds 
  Import took 0.029008 seconds .

========================================================================
Received Import Request.
  Time since last request: 0.000265 seconds.
  path: Assets/Resources/LevelIcons/LevelIcon04.png
  artifactKey: Guid(045d8097c9405dd4eb9fef081ea7d9ae) Importer(815301076,1909f56bfc062723c751e8b465ee728b)
Start importing Assets/Resources/LevelIcons/LevelIcon04.png using Guid(045d8097c9405dd4eb9fef081ea7d9ae) Importer(815301076,1909f56bfc062723c751e8b465ee728b)  -> (artifact id: 'bd86abc06dfbf1a15a4e297198c7cdbe') in 0.024076 seconds 
  Import took 0.028078 seconds .

========================================================================
Received Prepare
Registering precompiled user dll's ...
Registered in 0.005374 seconds.
Begin MonoManager ReloadAssembly
Native extension for Lumin target not found
Native extension for WindowsStandalone target not found
Refreshing native plugins compatible for Editor in 0.48 ms, found 3 plugins.
Preloading 0 native plugins for Editor in 0.00 ms.
Mono: successfully reloaded assembly
- Completed reload, in  1.238 seconds
Domain Reload Profiling:
	ReloadAssembly (1239ms)
		BeginReloadAssembly (146ms)
			ExecutionOrderSort (0ms)
			DisableScriptedObjects (8ms)
			BackupInstance (0ms)
			ReleaseScriptingObjects (0ms)
			CreateAndSetChildDomain (51ms)
		EndReloadAssembly (1017ms)
			LoadAssemblies (121ms)
			RebuildTransferFunctionScriptingTraits (0ms)
			SetupTypeCache (364ms)
			ReleaseScriptCaches (1ms)
			RebuildScriptCaches (57ms)
			SetupLoadedEditorAssemblies (365ms)
				LogAssemblyErrors (0ms)
				InitializePlatformSupportModulesInManaged (6ms)
				SetLoadedEditorAssemblies (1ms)
				RefreshPlugins (1ms)
				BeforeProcessingInitializeOnLoad (94ms)
				ProcessInitializeOnLoadAttributes (246ms)
				ProcessInitializeOnLoadMethodAttributes (13ms)
				AfterProcessingInitializeOnLoad (4ms)
				EditorAssembliesLoaded (0ms)
			ExecutionOrderSort2 (0ms)
			AwakeInstancesAfterBackupRestoration (10ms)
Platform modules already initialized, skipping
Refreshing native plugins compatible for Editor in 0.58 ms, found 3 plugins.
Preloading 0 native plugins for Editor in 0.00 ms.
Unloading 2185 Unused Serialized files (Serialized files now loaded: 0)
System memory in use before: 98.5 MB.
System memory in use after: 98.6 MB.

Unloading 17 unused Assets to reduce memory usage. Loaded Objects now: 2662.
Total: 3.614100 ms (FindLiveObjects: 0.221000 ms CreateObjectMapping: 0.126400 ms MarkObjects: 3.214500 ms  DeleteObjects: 0.051200 ms)

AssetImportParameters requested are different than current active one (requested -> active):
  custom:framework-win-MediaFoundation: 216162199b28c13a410421893ffa2e32 -> 
  custom:video-decoder-ogg-theora: a1e56fd34408186e4bbccfd4996cb3dc -> 
  custom:container-muxer-webm: aa71ff27fc2769a1b78a27578f13a17b -> 
  custom:container-demuxer-webm: 4f35f7cbe854078d1ac9338744f61a02 -> 
  custom:container-demuxer-ogg: 62fdf1f143b41e24485cea50d1cbac27 -> 
  custom:video-encoder-webm-vp8: eb34c28f22e8b96e1ab97ce403110664 -> 
  custom:video-codec-MediaFoundation-h265: 746d11721c4dcdbdad8f713fa42b33f4 -> 
  custom:video-decoder-webm-vp8: 9c59270c3fd7afecdb556c50c9e8de78 -> 
  custom:audio-decoder-ogg-vorbis: bf7c407c2cedff20999df2af8eb42d56 -> 
  custom:audio-encoder-webm-vorbis: bf7c407c2cedff20999df2af8eb42d56 -> 
AssetImportWorkerClient::OnTransportError - code=2 error=End of file
